2023-05-14 21:31:47.004 +05:30 [INF] User profile is available. Using 'C:\Users\abi6\AppData\Local\ASP.NET\DataProtection-Keys' as key repository and Windows DPAPI to encrypt keys at rest.
2023-05-14 21:31:47.273 +05:30 [INF] Now listening on: http://localhost:5260
2023-05-14 21:31:47.289 +05:30 [INF] Application started. Press Ctrl+C to shut down.
2023-05-14 21:31:47.290 +05:30 [INF] Hosting environment: Development
2023-05-14 21:31:47.290 +05:30 [INF] Content root path: C:\Users\abi6\Desktop\FirstApp
2023-05-14 21:32:28.475 +05:30 [INF] Request starting HTTP/1.1 GET http://localhost:5260/ - -
2023-05-14 21:32:28.807 +05:30 [WRN] Failed to determine the https port for redirect.
2023-05-14 21:32:29.518 +05:30 [INF] Executing endpoint 'FirstApp.Controllers.HomeController.Index (FirstApp)'
2023-05-14 21:32:30.455 +05:30 [INF] Route matched with {action = "Index", controller = "Home"}. Executing controller action with signature Microsoft.AspNetCore.Mvc.IActionResult Index() on controller FirstApp.Controllers.HomeController (FirstApp).
2023-05-14 21:32:31.331 +05:30 [INF] Executing ViewResult, running view Index.
2023-05-14 21:32:32.987 +05:30 [INF] Executed ViewResult - view Index executed in 1839.0307ms.
2023-05-14 21:32:32.993 +05:30 [INF] Executed action FirstApp.Controllers.HomeController.Index (FirstApp) in 2427.345ms
2023-05-14 21:32:32.993 +05:30 [INF] Executed endpoint 'FirstApp.Controllers.HomeController.Index (FirstApp)'
2023-05-14 21:32:33.215 +05:30 [INF] Request finished HTTP/1.1 GET http://localhost:5260/ - - - 200 - text/html;+charset=utf-8 4745.7233ms
2023-05-14 21:32:36.961 +05:30 [INF] Request starting HTTP/1.1 GET http://localhost:5260/FirstApp.styles.css?v=3xpJk2l8ZuHsaLSPJNDT9qvjmWEedp4QfUR21wI9T0A - -
2023-05-14 21:32:37.029 +05:30 [INF] The file /FirstApp.styles.css was not modified
2023-05-14 21:32:37.031 +05:30 [INF] Request finished HTTP/1.1 GET http://localhost:5260/FirstApp.styles.css?v=3xpJk2l8ZuHsaLSPJNDT9qvjmWEedp4QfUR21wI9T0A - - - 304 - text/css 70.2709ms
2023-05-14 21:32:42.486 +05:30 [INF] Request starting HTTP/1.1 GET http://localhost:5260/_framework/aspnetcore-browser-refresh.js - -
2023-05-14 21:32:42.492 +05:30 [INF] Request finished HTTP/1.1 GET http://localhost:5260/_framework/aspnetcore-browser-refresh.js - - - 200 11966 application/javascript;+charset=utf-8 5.5261ms
2023-05-14 21:32:42.986 +05:30 [INF] Request starting HTTP/1.1 GET http://localhost:5260/images/bus logo1.png - -
2023-05-14 21:32:42.988 +05:30 [INF] The file /images/bus logo1.png was not modified
2023-05-14 21:32:42.988 +05:30 [INF] Request finished HTTP/1.1 GET http://localhost:5260/images/bus logo1.png - - - 304 - image/png 1.7443ms
2023-05-14 21:37:01.991 +05:30 [INF] Request starting HTTP/1.1 GET http://localhost:5260/ - -
2023-05-14 21:37:02.021 +05:30 [INF] Executing endpoint 'FirstApp.Controllers.HomeController.Index (FirstApp)'
2023-05-14 21:37:02.021 +05:30 [INF] Route matched with {action = "Index", controller = "Home"}. Executing controller action with signature Microsoft.AspNetCore.Mvc.IActionResult Index() on controller FirstApp.Controllers.HomeController (FirstApp).
2023-05-14 21:37:02.026 +05:30 [INF] Executing ViewResult, running view Index.
2023-05-14 21:37:02.093 +05:30 [INF] Executed ViewResult - view Index executed in 68.7505ms.
2023-05-14 21:37:02.095 +05:30 [INF] Executed action FirstApp.Controllers.HomeController.Index (FirstApp) in 72.9512ms
2023-05-14 21:37:02.098 +05:30 [INF] Executed endpoint 'FirstApp.Controllers.HomeController.Index (FirstApp)'
2023-05-14 21:37:02.102 +05:30 [INF] Request finished HTTP/1.1 GET http://localhost:5260/ - - - 200 - text/html;+charset=utf-8 111.2135ms
2023-05-14 21:37:02.755 +05:30 [INF] Request starting HTTP/1.1 GET http://localhost:5260/_framework/aspnetcore-browser-refresh.js - -
2023-05-14 21:37:02.756 +05:30 [INF] Request finished HTTP/1.1 GET http://localhost:5260/_framework/aspnetcore-browser-refresh.js - - - 200 11966 application/javascript;+charset=utf-8 0.9144ms
2023-05-14 21:38:25.266 +05:30 [INF] Request starting HTTP/1.1 GET http://localhost:5260/Employee/login - -
2023-05-14 21:38:25.329 +05:30 [INF] Executing endpoint 'FirstApp.Controllers.EmployeeController.login (FirstApp)'
2023-05-14 21:38:25.337 +05:30 [INF] Route matched with {action = "login", controller = "Employee"}. Executing controller action with signature Microsoft.AspNetCore.Mvc.IActionResult login() on controller FirstApp.Controllers.EmployeeController (FirstApp).
2023-05-14 21:38:25.343 +05:30 [INF] Executing ViewResult, running view login.
2023-05-14 21:38:26.117 +05:30 [INF] Executed ViewResult - view login executed in 778.5858ms.
2023-05-14 21:38:26.118 +05:30 [INF] Executed action FirstApp.Controllers.EmployeeController.login (FirstApp) in 781.4137ms
2023-05-14 21:38:26.118 +05:30 [INF] Executed endpoint 'FirstApp.Controllers.EmployeeController.login (FirstApp)'
2023-05-14 21:38:26.122 +05:30 [INF] Request finished HTTP/1.1 GET http://localhost:5260/Employee/login - - - 200 - text/html;+charset=utf-8 856.0244ms
2023-05-14 21:38:26.574 +05:30 [INF] Request starting HTTP/1.1 GET http://localhost:5260/Employee/js/jquery.min.js - -
2023-05-14 21:38:26.577 +05:30 [INF] Request starting HTTP/1.1 GET http://localhost:5260/Employee/js/popper.js - -
2023-05-14 21:38:26.589 +05:30 [INF] Request starting HTTP/1.1 GET http://localhost:5260/Employee/js/bootstrap.min.js - -
2023-05-14 21:38:26.593 +05:30 [INF] Request starting HTTP/1.1 GET http://localhost:5260/_framework/aspnetcore-browser-refresh.js - -
2023-05-14 21:38:26.596 +05:30 [INF] Request finished HTTP/1.1 GET http://localhost:5260/_framework/aspnetcore-browser-refresh.js - - - 200 11966 application/javascript;+charset=utf-8 2.8427ms
2023-05-14 21:38:26.604 +05:30 [INF] Request finished HTTP/1.1 GET http://localhost:5260/Employee/js/bootstrap.min.js - - - 404 0 - 15.2997ms
2023-05-14 21:38:26.605 +05:30 [INF] Request starting HTTP/1.1 GET http://localhost:5260/Employee/js/main.js - -
2023-05-14 21:38:26.605 +05:30 [INF] Request finished HTTP/1.1 GET http://localhost:5260/Employee/js/main.js - - - 404 0 - 0.8702ms
2023-05-14 21:38:26.616 +05:30 [INF] Request finished HTTP/1.1 GET http://localhost:5260/Employee/js/jquery.min.js - - - 404 0 - 42.3321ms
2023-05-14 21:38:26.617 +05:30 [INF] Request finished HTTP/1.1 GET http://localhost:5260/Employee/js/popper.js - - - 404 0 - 39.7703ms
2023-05-14 21:38:38.255 +05:30 [INF] Request starting HTTP/1.1 POST http://localhost:5260/Employee/login application/x-www-form-urlencoded 246
2023-05-14 21:38:38.257 +05:30 [INF] Executing endpoint 'FirstApp.Controllers.EmployeeController.login (FirstApp)'
2023-05-14 21:38:38.507 +05:30 [INF] Route matched with {action = "login", controller = "Employee"}. Executing controller action with signature System.Threading.Tasks.Task`1[Microsoft.AspNetCore.Mvc.IActionResult] login(FirstApp.Models.Employee, FirstApp.Models.Database) on controller FirstApp.Controllers.EmployeeController (FirstApp).
2023-05-14 21:38:40.532 +05:30 [INF] AuthenticationScheme: Cookies signed in.
2023-05-14 21:38:40.556 +05:30 [INF] Executing RedirectResult, redirecting to /Dashboard?EmployeeId=00000000-0000-0000-0000-000000000000&EmailId=abinashabinash711@gmail.com&userPassword=Abinash@24&DateOfBirth=01%2F01%2F0001%2000%3A00%3A00.
2023-05-14 21:38:40.570 +05:30 [INF] Executed action FirstApp.Controllers.EmployeeController.login (FirstApp) in 2062.8035ms
2023-05-14 21:38:40.571 +05:30 [INF] Executed endpoint 'FirstApp.Controllers.EmployeeController.login (FirstApp)'
2023-05-14 21:38:40.576 +05:30 [INF] Session started; Key:edba190a-7a0d-e959-35ab-a359e973d0b4, Id:8d8767ca-5a13-ccae-012a-727353426c02
2023-05-14 21:38:40.578 +05:30 [INF] Request finished HTTP/1.1 POST http://localhost:5260/Employee/login application/x-www-form-urlencoded 246 - 302 0 - 2322.1361ms
2023-05-14 21:38:40.604 +05:30 [INF] Request starting HTTP/1.1 GET http://localhost:5260/Dashboard?EmployeeId=00000000-0000-0000-0000-000000000000&EmailId=abinashabinash711@gmail.com&userPassword=Abinash@24&DateOfBirth=01%2F01%2F0001%2000%3A00%3A00 - -
2023-05-14 21:38:40.628 +05:30 [INF] Executing endpoint 'FirstApp.Controllers.DashboardController.Index (FirstApp)'
2023-05-14 21:38:40.636 +05:30 [INF] Route matched with {action = "Index", controller = "Dashboard"}. Executing controller action with signature Microsoft.AspNetCore.Mvc.IActionResult Index(FirstApp.Models.Employee) on controller FirstApp.Controllers.DashboardController (FirstApp).
2023-05-14 21:38:41.576 +05:30 [INF] Executing ViewResult, running view Index.
2023-05-14 21:38:41.621 +05:30 [INF] Executed ViewResult - view Index executed in 56.4134ms.
2023-05-14 21:38:41.621 +05:30 [INF] Executed action FirstApp.Controllers.DashboardController.Index (FirstApp) in 984.7156ms
2023-05-14 21:38:41.621 +05:30 [INF] Executed endpoint 'FirstApp.Controllers.DashboardController.Index (FirstApp)'
2023-05-14 21:38:41.627 +05:30 [INF] Request finished HTTP/1.1 GET http://localhost:5260/Dashboard?EmployeeId=00000000-0000-0000-0000-000000000000&EmailId=abinashabinash711@gmail.com&userPassword=Abinash@24&DateOfBirth=01%2F01%2F0001%2000%3A00%3A00 - - - 200 - text/html;+charset=utf-8 1023.3775ms
2023-05-14 21:38:42.037 +05:30 [INF] Request starting HTTP/1.1 GET http://localhost:5260/_framework/aspnetcore-browser-refresh.js - -
2023-05-14 21:38:42.038 +05:30 [INF] Request finished HTTP/1.1 GET http://localhost:5260/_framework/aspnetcore-browser-refresh.js - - - 200 11966 application/javascript;+charset=utf-8 0.4803ms
2023-05-14 21:38:42.038 +05:30 [INF] Request starting HTTP/1.1 GET http://localhost:5260/images/notification.png - -
2023-05-14 21:38:42.039 +05:30 [INF] The file /images/notification.png was not modified
2023-05-14 21:38:42.040 +05:30 [INF] Request finished HTTP/1.1 GET http://localhost:5260/images/notification.png - - - 304 - image/png 1.3513ms
2023-05-14 21:38:42.067 +05:30 [INF] Request starting HTTP/1.1 GET http://localhost:5260/images/bus.png - -
2023-05-14 21:38:42.069 +05:30 [INF] The file /images/bus.png was not modified
2023-05-14 21:38:42.069 +05:30 [INF] Request finished HTTP/1.1 GET http://localhost:5260/images/bus.png - - - 304 - image/png 1.6013ms
2023-05-14 21:38:45.729 +05:30 [INF] Request starting HTTP/1.1 GET http://localhost:5260/Dashboard/showProfile - -
2023-05-14 21:38:45.745 +05:30 [INF] Executing endpoint 'FirstApp.Controllers.DashboardController.showProfile (FirstApp)'
2023-05-14 21:38:45.755 +05:30 [INF] Route matched with {action = "showProfile", controller = "Dashboard"}. Executing controller action with signature System.Threading.Tasks.Task`1[Microsoft.AspNetCore.Mvc.IActionResult] showProfile() on controller FirstApp.Controllers.DashboardController (FirstApp).
2023-05-14 21:38:47.939 +05:30 [INF] Entity Framework Core 6.0.0 initialized 'EmployeeDBContext' using provider 'Microsoft.EntityFrameworkCore.SqlServer:6.0.0' with options: None
2023-05-14 21:38:50.507 +05:30 [INF] Executed DbCommand (208ms) [Parameters=[@__UserId_0='?' (DbType = Guid)], CommandType='"Text"', CommandTimeout='30']
SELECT [e].[EmployeeId], [e].[DateOfBirth], [e].[Department], [e].[EmailId], [e].[Name], [e].[userPassword]
FROM [Employees] AS [e]
WHERE [e].[EmployeeId] = @__UserId_0
2023-05-14 21:38:50.959 +05:30 [INF] Executing ViewResult, running view showProfile.
2023-05-14 21:38:51.087 +05:30 [INF] Executed ViewResult - view showProfile executed in 128.9801ms.
2023-05-14 21:38:51.089 +05:30 [INF] Executed action FirstApp.Controllers.DashboardController.showProfile (FirstApp) in 5334.2243ms
2023-05-14 21:38:51.090 +05:30 [INF] Executed endpoint 'FirstApp.Controllers.DashboardController.showProfile (FirstApp)'
2023-05-14 21:38:51.149 +05:30 [INF] Request finished HTTP/1.1 GET http://localhost:5260/Dashboard/showProfile - - - 200 - text/html;+charset=utf-8 5410.6749ms
2023-05-14 21:38:51.233 +05:30 [INF] Request starting HTTP/1.1 GET http://localhost:5260/_framework/aspnetcore-browser-refresh.js - -
2023-05-14 21:38:51.233 +05:30 [INF] Request finished HTTP/1.1 GET http://localhost:5260/_framework/aspnetcore-browser-refresh.js - - - 200 11966 application/javascript;+charset=utf-8 0.2871ms
2023-05-14 21:41:09.487 +05:30 [INF] Request starting HTTP/1.1 GET http://localhost:5260/Dashboard/showProfile - -
2023-05-14 21:41:09.506 +05:30 [INF] Executing endpoint 'FirstApp.Controllers.DashboardController.showProfile (FirstApp)'
2023-05-14 21:41:09.515 +05:30 [INF] Route matched with {action = "showProfile", controller = "Dashboard"}. Executing controller action with signature System.Threading.Tasks.Task`1[Microsoft.AspNetCore.Mvc.IActionResult] showProfile() on controller FirstApp.Controllers.DashboardController (FirstApp).
2023-05-14 21:41:09.581 +05:30 [INF] Entity Framework Core 6.0.0 initialized 'EmployeeDBContext' using provider 'Microsoft.EntityFrameworkCore.SqlServer:6.0.0' with options: None
2023-05-14 21:41:09.654 +05:30 [INF] Executed DbCommand (31ms) [Parameters=[@__UserId_0='?' (DbType = Guid)], CommandType='"Text"', CommandTimeout='30']
SELECT [e].[EmployeeId], [e].[DateOfBirth], [e].[Department], [e].[EmailId], [e].[Name], [e].[userPassword]
FROM [Employees] AS [e]
WHERE [e].[EmployeeId] = @__UserId_0
2023-05-14 21:41:09.729 +05:30 [INF] Executing ViewResult, running view showProfile.
2023-05-14 21:41:09.908 +05:30 [INF] Executed ViewResult - view showProfile executed in 191.2553ms.
2023-05-14 21:41:09.910 +05:30 [INF] Executed action FirstApp.Controllers.DashboardController.showProfile (FirstApp) in 394.1461ms
2023-05-14 21:41:09.910 +05:30 [INF] Executed endpoint 'FirstApp.Controllers.DashboardController.showProfile (FirstApp)'
2023-05-14 21:41:09.911 +05:30 [INF] Request finished HTTP/1.1 GET http://localhost:5260/Dashboard/showProfile - - - 200 - text/html;+charset=utf-8 423.4308ms
2023-05-14 21:41:10.075 +05:30 [INF] Request starting HTTP/1.1 GET http://localhost:5260/Dashboard/alt="image" - -
2023-05-14 21:41:10.076 +05:30 [INF] Request starting HTTP/1.1 GET http://localhost:5260/_framework/aspnetcore-browser-refresh.js - -
2023-05-14 21:41:10.076 +05:30 [INF] Request finished HTTP/1.1 GET http://localhost:5260/_framework/aspnetcore-browser-refresh.js - - - 200 11966 application/javascript;+charset=utf-8 0.2161ms
2023-05-14 21:41:10.083 +05:30 [INF] Request finished HTTP/1.1 GET http://localhost:5260/Dashboard/alt="image" - - - 404 0 - 8.1333ms
2023-05-14 21:42:46.785 +05:30 [INF] Request starting HTTP/1.1 GET http://localhost:5260/Dashboard/showProfile - -
2023-05-14 21:42:46.787 +05:30 [INF] Executing endpoint 'FirstApp.Controllers.DashboardController.showProfile (FirstApp)'
2023-05-14 21:42:46.801 +05:30 [INF] Route matched with {action = "showProfile", controller = "Dashboard"}. Executing controller action with signature System.Threading.Tasks.Task`1[Microsoft.AspNetCore.Mvc.IActionResult] showProfile() on controller FirstApp.Controllers.DashboardController (FirstApp).
2023-05-14 21:42:47.366 +05:30 [INF] Entity Framework Core 6.0.0 initialized 'EmployeeDBContext' using provider 'Microsoft.EntityFrameworkCore.SqlServer:6.0.0' with options: None
2023-05-14 21:42:47.467 +05:30 [INF] Executed DbCommand (95ms) [Parameters=[@__UserId_0='?' (DbType = Guid)], CommandType='"Text"', CommandTimeout='30']
SELECT [e].[EmployeeId], [e].[DateOfBirth], [e].[Department], [e].[EmailId], [e].[Name], [e].[userPassword]
FROM [Employees] AS [e]
WHERE [e].[EmployeeId] = @__UserId_0
2023-05-14 21:42:47.489 +05:30 [INF] Executing ViewResult, running view showProfile.
2023-05-14 21:42:47.789 +05:30 [INF] Executed ViewResult - view showProfile executed in 318.3804ms.
2023-05-14 21:42:47.790 +05:30 [INF] Executed action FirstApp.Controllers.DashboardController.showProfile (FirstApp) in 988.2335ms
2023-05-14 21:42:47.790 +05:30 [INF] Executed endpoint 'FirstApp.Controllers.DashboardController.showProfile (FirstApp)'
2023-05-14 21:42:47.790 +05:30 [INF] Request finished HTTP/1.1 GET http://localhost:5260/Dashboard/showProfile - - - 200 - text/html;+charset=utf-8 1005.1092ms
2023-05-14 21:42:47.897 +05:30 [INF] Request starting HTTP/1.1 GET http://localhost:5260/_framework/aspnetcore-browser-refresh.js - -
2023-05-14 21:42:47.898 +05:30 [INF] Request finished HTTP/1.1 GET http://localhost:5260/_framework/aspnetcore-browser-refresh.js - - - 200 11966 application/javascript;+charset=utf-8 0.6024ms
2023-05-14 21:42:51.998 +05:30 [INF] Request starting HTTP/1.1 GET http://localhost:5260/Dashboard/displayHistory - -
2023-05-14 21:42:52.004 +05:30 [INF] Executing endpoint 'FirstApp.Controllers.DashboardController.displayHistory (FirstApp)'
2023-05-14 21:42:52.015 +05:30 [INF] Route matched with {action = "displayHistory", controller = "Dashboard"}. Executing controller action with signature System.Threading.Tasks.Task`1[Microsoft.AspNetCore.Mvc.IActionResult] displayHistory() on controller FirstApp.Controllers.DashboardController (FirstApp).
2023-05-14 21:42:52.032 +05:30 [INF] Entity Framework Core 6.0.0 initialized 'EmployeeDBContext' using provider 'Microsoft.EntityFrameworkCore.SqlServer:6.0.0' with options: None
2023-05-14 21:42:52.281 +05:30 [INF] Executed DbCommand (159ms) [Parameters=[@__UserId_0='?' (DbType = Guid)], CommandType='"Text"', CommandTimeout='30']
SELECT [b].[BookingId], [b].[Date], [b].[Destination], [b].[Name], [b].[UserId]
FROM [BookingHistories] AS [b]
WHERE [b].[UserId] = @__UserId_0
2023-05-14 21:42:52.450 +05:30 [INF] Executing ViewResult, running view displayHistory.
2023-05-14 21:42:52.596 +05:30 [INF] Executed ViewResult - view displayHistory executed in 148.0349ms.
2023-05-14 21:42:52.596 +05:30 [INF] Executed action FirstApp.Controllers.DashboardController.displayHistory (FirstApp) in 581.0142ms
2023-05-14 21:42:52.596 +05:30 [INF] Executed endpoint 'FirstApp.Controllers.DashboardController.displayHistory (FirstApp)'
2023-05-14 21:42:52.597 +05:30 [INF] Request finished HTTP/1.1 GET http://localhost:5260/Dashboard/displayHistory - - - 200 - text/html;+charset=utf-8 598.7090ms
2023-05-14 21:42:52.738 +05:30 [INF] Request starting HTTP/1.1 GET http://localhost:5260/_framework/aspnetcore-browser-refresh.js - -
2023-05-14 21:42:52.738 +05:30 [INF] Request finished HTTP/1.1 GET http://localhost:5260/_framework/aspnetcore-browser-refresh.js - - - 200 11966 application/javascript;+charset=utf-8 0.2590ms
2023-05-14 21:42:56.337 +05:30 [INF] Request starting HTTP/1.1 GET http://localhost:5260/Dashboard/showProfile - -
2023-05-14 21:42:56.344 +05:30 [INF] Executing endpoint 'FirstApp.Controllers.DashboardController.showProfile (FirstApp)'
2023-05-14 21:42:56.344 +05:30 [INF] Route matched with {action = "showProfile", controller = "Dashboard"}. Executing controller action with signature System.Threading.Tasks.Task`1[Microsoft.AspNetCore.Mvc.IActionResult] showProfile() on controller FirstApp.Controllers.DashboardController (FirstApp).
2023-05-14 21:42:56.346 +05:30 [INF] Entity Framework Core 6.0.0 initialized 'EmployeeDBContext' using provider 'Microsoft.EntityFrameworkCore.SqlServer:6.0.0' with options: None
2023-05-14 21:42:56.374 +05:30 [INF] Executed DbCommand (5ms) [Parameters=[@__UserId_0='?' (DbType = Guid)], CommandType='"Text"', CommandTimeout='30']
SELECT [e].[EmployeeId], [e].[DateOfBirth], [e].[Department], [e].[EmailId], [e].[Name], [e].[userPassword]
FROM [Employees] AS [e]
WHERE [e].[EmployeeId] = @__UserId_0
2023-05-14 21:42:56.384 +05:30 [INF] Executing ViewResult, running view showProfile.
2023-05-14 21:42:56.386 +05:30 [INF] Executed ViewResult - view showProfile executed in 2.0892ms.
2023-05-14 21:42:56.386 +05:30 [INF] Executed action FirstApp.Controllers.DashboardController.showProfile (FirstApp) in 41.9332ms
2023-05-14 21:42:56.386 +05:30 [INF] Executed endpoint 'FirstApp.Controllers.DashboardController.showProfile (FirstApp)'
2023-05-14 21:42:56.387 +05:30 [INF] Request finished HTTP/1.1 GET http://localhost:5260/Dashboard/showProfile - - - 200 - text/html;+charset=utf-8 49.3106ms
2023-05-14 21:42:56.507 +05:30 [INF] Request starting HTTP/1.1 GET http://localhost:5260/_framework/aspnetcore-browser-refresh.js - -
2023-05-14 21:42:56.507 +05:30 [INF] Request finished HTTP/1.1 GET http://localhost:5260/_framework/aspnetcore-browser-refresh.js - - - 200 11966 application/javascript;+charset=utf-8 0.2394ms
2023-05-14 21:43:11.716 +05:30 [INF] Request starting HTTP/1.1 GET http://localhost:5260/Home/map - -
2023-05-14 21:43:11.717 +05:30 [INF] Executing endpoint 'FirstApp.Controllers.HomeController.map (FirstApp)'
2023-05-14 21:43:11.719 +05:30 [INF] Route matched with {action = "map", controller = "Home"}. Executing controller action with signature Microsoft.AspNetCore.Mvc.IActionResult map() on controller FirstApp.Controllers.HomeController (FirstApp).
2023-05-14 21:43:11.722 +05:30 [INF] Executing RedirectResult, redirecting to https://www.google.com/maps/dir//Aspire+Systems,+SIPCOT+IT+Park,+1%2FD-1,+First+Main+Road,+Siruseri,+Tamil+Nadu+603103/@12.9284151,80.1754389,12z/data=!4m8!4m7!1m0!1m5!1m1!1s0x3a525a5d709633d1:0xd457a8c2f985c180!2m2!1d80.2235385!2d12.8303318.
2023-05-14 21:43:11.723 +05:30 [INF] Executed action FirstApp.Controllers.HomeController.map (FirstApp) in 4.0751ms
2023-05-14 21:43:11.723 +05:30 [INF] Executed endpoint 'FirstApp.Controllers.HomeController.map (FirstApp)'
2023-05-14 21:43:11.724 +05:30 [INF] Request finished HTTP/1.1 GET http://localhost:5260/Home/map - - - 302 0 - 7.7449ms
2023-05-14 21:43:31.825 +05:30 [INF] Request starting HTTP/1.1 GET http://localhost:5260/_framework/aspnetcore-browser-refresh.js - -
2023-05-14 21:43:31.827 +05:30 [INF] Request finished HTTP/1.1 GET http://localhost:5260/_framework/aspnetcore-browser-refresh.js - - - 200 11966 application/javascript;+charset=utf-8 1.2133ms
2023-05-14 21:43:33.992 +05:30 [INF] Request starting HTTP/1.1 GET http://localhost:5260/Dashboard - -
2023-05-14 21:43:33.994 +05:30 [INF] Executing endpoint 'FirstApp.Controllers.DashboardController.Index (FirstApp)'
2023-05-14 21:43:34.025 +05:30 [INF] Route matched with {action = "Index", controller = "Dashboard"}. Executing controller action with signature Microsoft.AspNetCore.Mvc.IActionResult Index(FirstApp.Models.Employee) on controller FirstApp.Controllers.DashboardController (FirstApp).
2023-05-14 21:43:34.173 +05:30 [INF] Executing ViewResult, running view Index.
2023-05-14 21:43:34.185 +05:30 [INF] Executed ViewResult - view Index executed in 15.2846ms.
2023-05-14 21:43:34.185 +05:30 [INF] Executed action FirstApp.Controllers.DashboardController.Index (FirstApp) in 160.4193ms
2023-05-14 21:43:34.185 +05:30 [INF] Executed endpoint 'FirstApp.Controllers.DashboardController.Index (FirstApp)'
2023-05-14 21:43:34.186 +05:30 [INF] Request finished HTTP/1.1 GET http://localhost:5260/Dashboard - - - 200 - text/html;+charset=utf-8 193.3998ms
2023-05-14 21:43:34.298 +05:30 [INF] Request starting HTTP/1.1 GET http://localhost:5260/_framework/aspnetcore-browser-refresh.js - -
2023-05-14 21:43:34.302 +05:30 [INF] Request finished HTTP/1.1 GET http://localhost:5260/_framework/aspnetcore-browser-refresh.js - - - 200 11966 application/javascript;+charset=utf-8 3.7960ms
2023-05-14 22:05:19.285 +05:30 [INF] Request starting HTTP/1.1 GET http://localhost:5260/Dashboard/contact - -
2023-05-14 22:05:19.288 +05:30 [INF] Executing endpoint 'FirstApp.Controllers.DashboardController.contact (FirstApp)'
2023-05-14 22:05:19.293 +05:30 [INF] Route matched with {action = "contact", controller = "Dashboard"}. Executing controller action with signature Microsoft.AspNetCore.Mvc.ActionResult contact() on controller FirstApp.Controllers.DashboardController (FirstApp).
2023-05-14 22:05:19.298 +05:30 [INF] Executing ViewResult, running view contact.
2023-05-14 22:05:19.310 +05:30 [INF] Executed ViewResult - view contact executed in 14.7222ms.
2023-05-14 22:05:19.310 +05:30 [INF] Executed action FirstApp.Controllers.DashboardController.contact (FirstApp) in 16.3953ms
2023-05-14 22:05:19.310 +05:30 [INF] Executed endpoint 'FirstApp.Controllers.DashboardController.contact (FirstApp)'
2023-05-14 22:05:19.312 +05:30 [INF] Request finished HTTP/1.1 GET http://localhost:5260/Dashboard/contact - - - 200 - text/html;+charset=utf-8 26.7028ms
2023-05-14 22:05:19.422 +05:30 [INF] Request starting HTTP/1.1 GET http://localhost:5260/_framework/aspnetcore-browser-refresh.js - -
2023-05-14 22:05:19.423 +05:30 [INF] Request finished HTTP/1.1 GET http://localhost:5260/_framework/aspnetcore-browser-refresh.js - - - 200 11966 application/javascript;+charset=utf-8 0.3031ms
2023-05-14 22:05:23.159 +05:30 [INF] Request starting HTTP/1.1 GET http://localhost:5260/Dashboard/showProfile - -
2023-05-14 22:05:23.160 +05:30 [INF] Executing endpoint 'FirstApp.Controllers.DashboardController.showProfile (FirstApp)'
2023-05-14 22:05:23.160 +05:30 [INF] Route matched with {action = "showProfile", controller = "Dashboard"}. Executing controller action with signature System.Threading.Tasks.Task`1[Microsoft.AspNetCore.Mvc.IActionResult] showProfile() on controller FirstApp.Controllers.DashboardController (FirstApp).
2023-05-14 22:05:23.164 +05:30 [INF] Entity Framework Core 6.0.0 initialized 'EmployeeDBContext' using provider 'Microsoft.EntityFrameworkCore.SqlServer:6.0.0' with options: None
2023-05-14 22:05:23.256 +05:30 [INF] Executed DbCommand (5ms) [Parameters=[@__UserId_0='?' (DbType = Guid)], CommandType='"Text"', CommandTimeout='30']
SELECT [e].[EmployeeId], [e].[DateOfBirth], [e].[Department], [e].[EmailId], [e].[Name], [e].[userPassword]
FROM [Employees] AS [e]
WHERE [e].[EmployeeId] = @__UserId_0
2023-05-14 22:05:23.262 +05:30 [INF] Executing ViewResult, running view showProfile.
2023-05-14 22:05:23.265 +05:30 [INF] Executed ViewResult - view showProfile executed in 4.8861ms.
2023-05-14 22:05:23.266 +05:30 [INF] Executed action FirstApp.Controllers.DashboardController.showProfile (FirstApp) in 105.0617ms
2023-05-14 22:05:23.266 +05:30 [INF] Executed endpoint 'FirstApp.Controllers.DashboardController.showProfile (FirstApp)'
2023-05-14 22:05:23.266 +05:30 [INF] Request finished HTTP/1.1 GET http://localhost:5260/Dashboard/showProfile - - - 200 - text/html;+charset=utf-8 107.0000ms
2023-05-14 22:05:23.382 +05:30 [INF] Request starting HTTP/1.1 GET http://localhost:5260/_framework/aspnetcore-browser-refresh.js - -
2023-05-14 22:05:23.382 +05:30 [INF] Request finished HTTP/1.1 GET http://localhost:5260/_framework/aspnetcore-browser-refresh.js - - - 200 11966 application/javascript;+charset=utf-8 0.2209ms
2023-05-14 22:05:31.604 +05:30 [INF] Request starting HTTP/1.1 GET http://localhost:5260/_framework/aspnetcore-browser-refresh.js - -
2023-05-14 22:05:31.604 +05:30 [INF] Request finished HTTP/1.1 GET http://localhost:5260/_framework/aspnetcore-browser-refresh.js - - - 200 11966 application/javascript;+charset=utf-8 0.5075ms
2023-05-14 22:19:55.436 +05:30 [INF] Request starting HTTP/1.1 GET http://localhost:5260/Dashboard/showProfile - -
2023-05-14 22:19:55.437 +05:30 [INF] Executing endpoint 'FirstApp.Controllers.DashboardController.showProfile (FirstApp)'
2023-05-14 22:19:55.437 +05:30 [INF] Route matched with {action = "showProfile", controller = "Dashboard"}. Executing controller action with signature System.Threading.Tasks.Task`1[Microsoft.AspNetCore.Mvc.IActionResult] showProfile() on controller FirstApp.Controllers.DashboardController (FirstApp).
2023-05-14 22:19:55.441 +05:30 [INF] Entity Framework Core 6.0.0 initialized 'EmployeeDBContext' using provider 'Microsoft.EntityFrameworkCore.SqlServer:6.0.0' with options: None
2023-05-14 22:19:55.483 +05:30 [INF] Executed DbCommand (4ms) [Parameters=[@__UserId_0='?' (DbType = Guid)], CommandType='"Text"', CommandTimeout='30']
SELECT [e].[EmployeeId], [e].[DateOfBirth], [e].[Department], [e].[EmailId], [e].[Name], [e].[userPassword]
FROM [Employees] AS [e]
WHERE [e].[EmployeeId] = @__UserId_0
2023-05-14 22:19:55.485 +05:30 [INF] Executing ViewResult, running view showProfile.
2023-05-14 22:19:55.487 +05:30 [INF] Executed ViewResult - view showProfile executed in 2.1542ms.
2023-05-14 22:19:55.487 +05:30 [INF] Executed action FirstApp.Controllers.DashboardController.showProfile (FirstApp) in 49.7994ms
2023-05-14 22:19:55.487 +05:30 [INF] Executed endpoint 'FirstApp.Controllers.DashboardController.showProfile (FirstApp)'
2023-05-14 22:19:55.488 +05:30 [INF] Request finished HTTP/1.1 GET http://localhost:5260/Dashboard/showProfile - - - 200 - text/html;+charset=utf-8 52.4432ms
2023-05-14 22:19:55.707 +05:30 [INF] Request starting HTTP/1.1 GET http://localhost:5260/_framework/aspnetcore-browser-refresh.js - -
2023-05-14 22:19:55.707 +05:30 [INF] Request finished HTTP/1.1 GET http://localhost:5260/_framework/aspnetcore-browser-refresh.js - - - 200 11966 application/javascript;+charset=utf-8 0.2425ms
2023-05-14 22:19:59.528 +05:30 [INF] Request starting HTTP/1.1 GET http://localhost:5260/Dashboard - -
2023-05-14 22:19:59.530 +05:30 [INF] Executing endpoint 'FirstApp.Controllers.DashboardController.Index (FirstApp)'
2023-05-14 22:19:59.531 +05:30 [INF] Route matched with {action = "Index", controller = "Dashboard"}. Executing controller action with signature Microsoft.AspNetCore.Mvc.IActionResult Index(FirstApp.Models.Employee) on controller FirstApp.Controllers.DashboardController (FirstApp).
2023-05-14 22:19:59.540 +05:30 [INF] Executing ViewResult, running view Index.
2023-05-14 22:19:59.542 +05:30 [INF] Executed ViewResult - view Index executed in 2.3409ms.
2023-05-14 22:19:59.542 +05:30 [INF] Executed action FirstApp.Controllers.DashboardController.Index (FirstApp) in 11.0487ms
2023-05-14 22:19:59.542 +05:30 [INF] Executed endpoint 'FirstApp.Controllers.DashboardController.Index (FirstApp)'
2023-05-14 22:19:59.542 +05:30 [INF] Request finished HTTP/1.1 GET http://localhost:5260/Dashboard - - - 200 - text/html;+charset=utf-8 14.5769ms
2023-05-14 22:19:59.634 +05:30 [INF] Request starting HTTP/1.1 GET http://localhost:5260/_framework/aspnetcore-browser-refresh.js - -
2023-05-14 22:19:59.635 +05:30 [INF] Request finished HTTP/1.1 GET http://localhost:5260/_framework/aspnetcore-browser-refresh.js - - - 200 11966 application/javascript;+charset=utf-8 0.2406ms
2023-05-14 22:20:01.807 +05:30 [INF] Request starting HTTP/1.1 GET http://localhost:5260/Dashboard/showProfile - -
2023-05-14 22:20:01.811 +05:30 [INF] Executing endpoint 'FirstApp.Controllers.DashboardController.showProfile (FirstApp)'
2023-05-14 22:20:01.811 +05:30 [INF] Route matched with {action = "showProfile", controller = "Dashboard"}. Executing controller action with signature System.Threading.Tasks.Task`1[Microsoft.AspNetCore.Mvc.IActionResult] showProfile() on controller FirstApp.Controllers.DashboardController (FirstApp).
2023-05-14 22:20:01.824 +05:30 [INF] Entity Framework Core 6.0.0 initialized 'EmployeeDBContext' using provider 'Microsoft.EntityFrameworkCore.SqlServer:6.0.0' with options: None
2023-05-14 22:20:01.841 +05:30 [INF] Executed DbCommand (6ms) [Parameters=[@__UserId_0='?' (DbType = Guid)], CommandType='"Text"', CommandTimeout='30']
SELECT [e].[EmployeeId], [e].[DateOfBirth], [e].[Department], [e].[EmailId], [e].[Name], [e].[userPassword]
FROM [Employees] AS [e]
WHERE [e].[EmployeeId] = @__UserId_0
2023-05-14 22:20:01.842 +05:30 [INF] Executing ViewResult, running view showProfile.
2023-05-14 22:20:01.845 +05:30 [INF] Executed ViewResult - view showProfile executed in 3.1858ms.
2023-05-14 22:20:01.845 +05:30 [INF] Executed action FirstApp.Controllers.DashboardController.showProfile (FirstApp) in 34.3601ms
2023-05-14 22:20:01.845 +05:30 [INF] Executed endpoint 'FirstApp.Controllers.DashboardController.showProfile (FirstApp)'
2023-05-14 22:20:01.846 +05:30 [INF] Request finished HTTP/1.1 GET http://localhost:5260/Dashboard/showProfile - - - 200 - text/html;+charset=utf-8 38.8362ms
2023-05-14 22:20:01.960 +05:30 [INF] Request starting HTTP/1.1 GET http://localhost:5260/_framework/aspnetcore-browser-refresh.js - -
2023-05-14 22:20:01.960 +05:30 [INF] Request finished HTTP/1.1 GET http://localhost:5260/_framework/aspnetcore-browser-refresh.js - - - 200 11966 application/javascript;+charset=utf-8 0.3406ms
2023-05-14 22:20:09.471 +05:30 [INF] Request starting HTTP/1.1 GET http://localhost:5260/Home/logOut - -
2023-05-14 22:20:09.478 +05:30 [INF] Executing endpoint 'FirstApp.Controllers.HomeController.logOut (FirstApp)'
2023-05-14 22:20:09.493 +05:30 [INF] Route matched with {action = "logOut", controller = "Home"}. Executing controller action with signature System.Threading.Tasks.Task`1[Microsoft.AspNetCore.Mvc.IActionResult] logOut() on controller FirstApp.Controllers.HomeController (FirstApp).
2023-05-14 22:20:09.526 +05:30 [INF] AuthenticationScheme: Cookies signed out.
2023-05-14 22:20:09.526 +05:30 [INF] Executing RedirectResult, redirecting to /.
2023-05-14 22:20:09.527 +05:30 [INF] Executed action FirstApp.Controllers.HomeController.logOut (FirstApp) in 33.0378ms
2023-05-14 22:20:09.527 +05:30 [INF] Executed endpoint 'FirstApp.Controllers.HomeController.logOut (FirstApp)'
2023-05-14 22:20:09.527 +05:30 [INF] Request finished HTTP/1.1 GET http://localhost:5260/Home/logOut - - - 302 0 - 55.8935ms
2023-05-14 22:20:09.540 +05:30 [INF] Request starting HTTP/1.1 GET http://localhost:5260/ - -
2023-05-14 22:20:09.540 +05:30 [INF] Executing endpoint 'FirstApp.Controllers.HomeController.Index (FirstApp)'
2023-05-14 22:20:09.543 +05:30 [INF] Route matched with {action = "Index", controller = "Home"}. Executing controller action with signature Microsoft.AspNetCore.Mvc.IActionResult Index() on controller FirstApp.Controllers.HomeController (FirstApp).
2023-05-14 22:20:09.544 +05:30 [INF] Executing ViewResult, running view Index.
2023-05-14 22:20:09.547 +05:30 [INF] Executed ViewResult - view Index executed in 4.186ms.
2023-05-14 22:20:09.547 +05:30 [INF] Executed action FirstApp.Controllers.HomeController.Index (FirstApp) in 4.432ms
2023-05-14 22:20:09.547 +05:30 [INF] Executed endpoint 'FirstApp.Controllers.HomeController.Index (FirstApp)'
2023-05-14 22:20:09.548 +05:30 [INF] Request finished HTTP/1.1 GET http://localhost:5260/ - - - 200 - text/html;+charset=utf-8 7.8754ms
2023-05-14 22:20:09.627 +05:30 [INF] Request starting HTTP/1.1 GET http://localhost:5260/_framework/aspnetcore-browser-refresh.js - -
2023-05-14 22:20:09.627 +05:30 [INF] Request finished HTTP/1.1 GET http://localhost:5260/_framework/aspnetcore-browser-refresh.js - - - 200 11966 application/javascript;+charset=utf-8 0.2027ms
2023-05-14 22:20:12.242 +05:30 [INF] Request starting HTTP/1.1 GET http://localhost:5260/Employee/login - -
2023-05-14 22:20:12.243 +05:30 [INF] Executing endpoint 'FirstApp.Controllers.EmployeeController.login (FirstApp)'
2023-05-14 22:20:12.247 +05:30 [INF] Route matched with {action = "login", controller = "Employee"}. Executing controller action with signature Microsoft.AspNetCore.Mvc.IActionResult login() on controller FirstApp.Controllers.EmployeeController (FirstApp).
2023-05-14 22:20:12.278 +05:30 [INF] Executing ViewResult, running view login.
2023-05-14 22:20:12.287 +05:30 [INF] Executed ViewResult - view login executed in 9.5125ms.
2023-05-14 22:20:12.287 +05:30 [INF] Executed action FirstApp.Controllers.EmployeeController.login (FirstApp) in 40.4039ms
2023-05-14 22:20:12.287 +05:30 [INF] Executed endpoint 'FirstApp.Controllers.EmployeeController.login (FirstApp)'
2023-05-14 22:20:12.288 +05:30 [INF] Request finished HTTP/1.1 GET http://localhost:5260/Employee/login - - - 200 - text/html;+charset=utf-8 45.7679ms
2023-05-14 22:20:12.532 +05:30 [INF] Request starting HTTP/1.1 GET http://localhost:5260/_framework/aspnetcore-browser-refresh.js - -
2023-05-14 22:20:12.532 +05:30 [INF] Request finished HTTP/1.1 GET http://localhost:5260/_framework/aspnetcore-browser-refresh.js - - - 200 11966 application/javascript;+charset=utf-8 0.3001ms
2023-05-14 22:20:12.533 +05:30 [INF] Request starting HTTP/1.1 GET http://localhost:5260/Employee/js/jquery.min.js - -
2023-05-14 22:20:12.538 +05:30 [INF] Request finished HTTP/1.1 GET http://localhost:5260/Employee/js/jquery.min.js - - - 404 0 - 5.0101ms
2023-05-14 22:20:12.541 +05:30 [INF] Request starting HTTP/1.1 GET http://localhost:5260/Employee/js/bootstrap.min.js - -
2023-05-14 22:20:12.542 +05:30 [INF] Request finished HTTP/1.1 GET http://localhost:5260/Employee/js/bootstrap.min.js - - - 404 0 - 1.0785ms
2023-05-14 22:20:12.542 +05:30 [INF] Request starting HTTP/1.1 GET http://localhost:5260/Employee/js/main.js - -
2023-05-14 22:20:12.543 +05:30 [INF] Request finished HTTP/1.1 GET http://localhost:5260/Employee/js/main.js - - - 404 0 - 0.6544ms
2023-05-14 22:20:12.562 +05:30 [INF] Request starting HTTP/1.1 GET http://localhost:5260/Employee/js/popper.js - -
2023-05-14 22:20:12.563 +05:30 [INF] Request finished HTTP/1.1 GET http://localhost:5260/Employee/js/popper.js - - - 404 0 - 0.8748ms
2023-05-14 22:20:25.315 +05:30 [INF] Request starting HTTP/1.1 POST http://localhost:5260/Employee/login application/x-www-form-urlencoded 246
2023-05-14 22:20:25.317 +05:30 [INF] Executing endpoint 'FirstApp.Controllers.EmployeeController.login (FirstApp)'
2023-05-14 22:20:25.344 +05:30 [INF] Route matched with {action = "login", controller = "Employee"}. Executing controller action with signature System.Threading.Tasks.Task`1[Microsoft.AspNetCore.Mvc.IActionResult] login(FirstApp.Models.Employee, FirstApp.Models.Database) on controller FirstApp.Controllers.EmployeeController (FirstApp).
2023-05-14 22:20:25.385 +05:30 [INF] AuthenticationScheme: Cookies signed in.
2023-05-14 22:20:25.385 +05:30 [INF] Executing RedirectResult, redirecting to /Dashboard?EmployeeId=00000000-0000-0000-0000-000000000000&EmailId=abinashabinash711@gmail.com&userPassword=Abinash@24&DateOfBirth=01%2F01%2F0001%2000%3A00%3A00.
2023-05-14 22:20:25.386 +05:30 [INF] Executed action FirstApp.Controllers.EmployeeController.login (FirstApp) in 41.7209ms
2023-05-14 22:20:25.386 +05:30 [INF] Executed endpoint 'FirstApp.Controllers.EmployeeController.login (FirstApp)'
2023-05-14 22:20:25.386 +05:30 [INF] Request finished HTTP/1.1 POST http://localhost:5260/Employee/login application/x-www-form-urlencoded 246 - 302 0 - 71.3407ms
2023-05-14 22:20:25.394 +05:30 [INF] Request starting HTTP/1.1 GET http://localhost:5260/Dashboard?EmployeeId=00000000-0000-0000-0000-000000000000&EmailId=abinashabinash711@gmail.com&userPassword=Abinash@24&DateOfBirth=01%2F01%2F0001%2000%3A00%3A00 - -
2023-05-14 22:20:25.394 +05:30 [INF] Executing endpoint 'FirstApp.Controllers.DashboardController.Index (FirstApp)'
2023-05-14 22:20:25.395 +05:30 [INF] Route matched with {action = "Index", controller = "Dashboard"}. Executing controller action with signature Microsoft.AspNetCore.Mvc.IActionResult Index(FirstApp.Models.Employee) on controller FirstApp.Controllers.DashboardController (FirstApp).
2023-05-14 22:20:25.396 +05:30 [INF] Executing ViewResult, running view Index.
2023-05-14 22:20:25.397 +05:30 [INF] Executed ViewResult - view Index executed in 1.0641ms.
2023-05-14 22:20:25.397 +05:30 [INF] Executed action FirstApp.Controllers.DashboardController.Index (FirstApp) in 2.4199ms
2023-05-14 22:20:25.397 +05:30 [INF] Executed endpoint 'FirstApp.Controllers.DashboardController.Index (FirstApp)'
2023-05-14 22:20:25.397 +05:30 [INF] Request finished HTTP/1.1 GET http://localhost:5260/Dashboard?EmployeeId=00000000-0000-0000-0000-000000000000&EmailId=abinashabinash711@gmail.com&userPassword=Abinash@24&DateOfBirth=01%2F01%2F0001%2000%3A00%3A00 - - - 200 - text/html;+charset=utf-8 3.7710ms
2023-05-14 22:20:25.476 +05:30 [INF] Request starting HTTP/1.1 GET http://localhost:5260/_framework/aspnetcore-browser-refresh.js - -
2023-05-14 22:20:25.476 +05:30 [INF] Request finished HTTP/1.1 GET http://localhost:5260/_framework/aspnetcore-browser-refresh.js - - - 200 11966 application/javascript;+charset=utf-8 0.1976ms
2023-05-14 22:49:33.944 +05:30 [INF] Application is shutting down...
