2023-03-31 15:10:06.926 +05:30 [INF] User profile is available. Using 'C:\Users\abi6\AppData\Local\ASP.NET\DataProtection-Keys' as key repository and Windows DPAPI to encrypt keys at rest.
2023-03-31 15:10:07.408 +05:30 [INF] Now listening on: http://localhost:5260
2023-03-31 15:10:07.417 +05:30 [INF] Application started. Press Ctrl+C to shut down.
2023-03-31 15:10:07.418 +05:30 [INF] Hosting environment: Development
2023-03-31 15:10:07.418 +05:30 [INF] Content root path: C:\Users\abi6\Desktop\FirstApp
2023-03-31 15:10:25.678 +05:30 [INF] Request starting HTTP/1.1 GET http://localhost:5260/ - -
2023-03-31 15:10:25.771 +05:30 [WRN] Failed to determine the https port for redirect.
2023-03-31 15:10:26.285 +05:30 [INF] Executing endpoint 'FirstApp.Controllers.HomeController.Index (FirstApp)'
2023-03-31 15:10:26.483 +05:30 [INF] Route matched with {action = "Index", controller = "Home"}. Executing controller action with signature Microsoft.AspNetCore.Mvc.IActionResult Index() on controller FirstApp.Controllers.HomeController (FirstApp).
2023-03-31 15:10:26.623 +05:30 [INF] Executing ViewResult, running view Index.
2023-03-31 15:10:27.137 +05:30 [INF] Executed ViewResult - view Index executed in 566.8989ms.
2023-03-31 15:10:27.146 +05:30 [INF] Executed action FirstApp.Controllers.HomeController.Index (FirstApp) in 641.3435ms
2023-03-31 15:10:27.146 +05:30 [INF] Executed endpoint 'FirstApp.Controllers.HomeController.Index (FirstApp)'
2023-03-31 15:10:27.172 +05:30 [INF] Request finished HTTP/1.1 GET http://localhost:5260/ - - - 200 - text/html;+charset=utf-8 1523.1958ms
2023-03-31 15:10:27.314 +05:30 [INF] Request starting HTTP/1.1 GET http://localhost:5260/css/site.css?v=d60rDsdHP7VsCgC3I2jKsrW_u1XCW_p0JjFfedBmmoU - -
2023-03-31 15:10:27.565 +05:30 [INF] The file /css/site.css was not modified
2023-03-31 15:10:27.567 +05:30 [INF] Request finished HTTP/1.1 GET http://localhost:5260/css/site.css?v=d60rDsdHP7VsCgC3I2jKsrW_u1XCW_p0JjFfedBmmoU - - - 304 - text/css 252.5140ms
2023-03-31 15:10:30.615 +05:30 [INF] Request starting HTTP/1.1 GET http://localhost:5260/Employee/login - -
2023-03-31 15:10:30.628 +05:30 [INF] Executing endpoint 'FirstApp.Controllers.EmployeeController.login (FirstApp)'
2023-03-31 15:10:30.631 +05:30 [INF] Route matched with {action = "login", controller = "Employee"}. Executing controller action with signature Microsoft.AspNetCore.Mvc.IActionResult login() on controller FirstApp.Controllers.EmployeeController (FirstApp).
2023-03-31 15:10:30.665 +05:30 [INF] Executing ViewResult, running view login.
2023-03-31 15:10:31.508 +05:30 [INF] Executed ViewResult - view login executed in 873.5495ms.
2023-03-31 15:10:31.508 +05:30 [INF] Executed action FirstApp.Controllers.EmployeeController.login (FirstApp) in 876.7961ms
2023-03-31 15:10:31.509 +05:30 [INF] Executed endpoint 'FirstApp.Controllers.EmployeeController.login (FirstApp)'
2023-03-31 15:10:31.509 +05:30 [INF] Request finished HTTP/1.1 GET http://localhost:5260/Employee/login - - - 200 - text/html;+charset=utf-8 894.9017ms
2023-03-31 15:10:31.534 +05:30 [INF] Request starting HTTP/1.1 GET http://localhost:5260/css/login.css - -
2023-03-31 15:10:31.535 +05:30 [INF] The file /css/login.css was not modified
2023-03-31 15:10:31.536 +05:30 [INF] Request finished HTTP/1.1 GET http://localhost:5260/css/login.css - - - 304 - text/css 2.5124ms
2023-03-31 15:10:31.619 +05:30 [INF] Request starting HTTP/1.1 GET http://localhost:5260/Employee/js/jquery.min.js - -
2023-03-31 15:10:31.622 +05:30 [INF] Request starting HTTP/1.1 GET http://localhost:5260/Employee/js/main.js - -
2023-03-31 15:10:31.622 +05:30 [INF] Request starting HTTP/1.1 GET http://localhost:5260/Employee/js/bootstrap.min.js - -
2023-03-31 15:10:31.622 +05:30 [INF] Request starting HTTP/1.1 GET http://localhost:5260/Employee/js/popper.js - -
2023-03-31 15:10:31.634 +05:30 [INF] Request finished HTTP/1.1 GET http://localhost:5260/Employee/js/popper.js - - - 404 0 - 11.3742ms
2023-03-31 15:10:31.634 +05:30 [INF] Request finished HTTP/1.1 GET http://localhost:5260/Employee/js/bootstrap.min.js - - - 404 0 - 11.6965ms
2023-03-31 15:10:31.634 +05:30 [INF] Request finished HTTP/1.1 GET http://localhost:5260/Employee/js/main.js - - - 404 0 - 11.3592ms
2023-03-31 15:10:31.634 +05:30 [INF] Request finished HTTP/1.1 GET http://localhost:5260/Employee/js/jquery.min.js - - - 404 0 - 15.2892ms
2023-03-31 15:10:44.086 +05:30 [INF] Request starting HTTP/1.1 POST http://localhost:5260/Employee/login application/x-www-form-urlencoded 246
2023-03-31 15:10:44.087 +05:30 [INF] Executing endpoint 'FirstApp.Controllers.EmployeeController.login (FirstApp)'
2023-03-31 15:10:44.556 +05:30 [INF] Route matched with {action = "login", controller = "Employee"}. Executing controller action with signature System.Threading.Tasks.Task`1[Microsoft.AspNetCore.Mvc.IActionResult] login(FirstApp.Models.Employee, FirstApp.Models.Database) on controller FirstApp.Controllers.EmployeeController (FirstApp).
2023-03-31 15:10:46.124 +05:30 [INF] AuthenticationScheme: Cookies signed in.
2023-03-31 15:10:46.200 +05:30 [INF] Executing RedirectResult, redirecting to /Dashboard?EmployeeId=00000000-0000-0000-0000-000000000000&EmailId=abinashabinash711@gmail.com&userPassword=Abinash@24&DateOfBirth=01%2F01%2F0001%2000%3A00%3A00.
2023-03-31 15:10:46.201 +05:30 [INF] Executed action FirstApp.Controllers.EmployeeController.login (FirstApp) in 1644.6724ms
2023-03-31 15:10:46.201 +05:30 [INF] Executed endpoint 'FirstApp.Controllers.EmployeeController.login (FirstApp)'
2023-03-31 15:10:46.202 +05:30 [INF] Request finished HTTP/1.1 POST http://localhost:5260/Employee/login application/x-www-form-urlencoded 246 - 302 0 - 2115.5647ms
2023-03-31 15:10:46.213 +05:30 [INF] Request starting HTTP/1.1 GET http://localhost:5260/Dashboard?EmployeeId=00000000-0000-0000-0000-000000000000&EmailId=abinashabinash711@gmail.com&userPassword=Abinash@24&DateOfBirth=01%2F01%2F0001%2000%3A00%3A00 - -
2023-03-31 15:10:46.241 +05:30 [INF] Executing endpoint 'FirstApp.Controllers.DashboardController.Index (FirstApp)'
2023-03-31 15:10:46.245 +05:30 [INF] Route matched with {action = "Index", controller = "Dashboard"}. Executing controller action with signature Microsoft.AspNetCore.Mvc.IActionResult Index(FirstApp.Models.Employee) on controller FirstApp.Controllers.DashboardController (FirstApp).
2023-03-31 15:10:46.431 +05:30 [INF] Executing ViewResult, running view Index.
2023-03-31 15:10:46.483 +05:30 [INF] Executed ViewResult - view Index executed in 55.1933ms.
2023-03-31 15:10:46.484 +05:30 [INF] Executed action FirstApp.Controllers.DashboardController.Index (FirstApp) in 238.2502ms
2023-03-31 15:10:46.484 +05:30 [INF] Executed endpoint 'FirstApp.Controllers.DashboardController.Index (FirstApp)'
2023-03-31 15:10:46.504 +05:30 [INF] Session started; Key:1acb9b41-ea00-8efb-2b61-239f316d72fa, Id:417f9435-da6f-dda6-7b58-c4051746a6c4
2023-03-31 15:10:46.506 +05:30 [INF] Request finished HTTP/1.1 GET http://localhost:5260/Dashboard?EmployeeId=00000000-0000-0000-0000-000000000000&EmailId=abinashabinash711@gmail.com&userPassword=Abinash@24&DateOfBirth=01%2F01%2F0001%2000%3A00%3A00 - - - 200 - text/html;+charset=utf-8 293.0456ms
