2023-04-12 10:24:08.006 +05:30 [INF] User profile is available. Using 'C:\Users\abi6\AppData\Local\ASP.NET\DataProtection-Keys' as key repository and Windows DPAPI to encrypt keys at rest.
2023-04-12 10:24:08.196 +05:30 [INF] Now listening on: http://localhost:5260
2023-04-12 10:24:08.205 +05:30 [INF] Application started. Press Ctrl+C to shut down.
2023-04-12 10:24:08.205 +05:30 [INF] Hosting environment: Development
2023-04-12 10:24:08.206 +05:30 [INF] Content root path: C:\Users\abi6\Desktop\FirstApp
2023-04-12 10:24:12.665 +05:30 [INF] Request starting HTTP/1.1 GET http://localhost:5260/ - -
2023-04-12 10:24:12.731 +05:30 [WRN] Failed to determine the https port for redirect.
2023-04-12 10:24:12.952 +05:30 [INF] Executing endpoint 'FirstApp.Controllers.HomeController.Index (FirstApp)'
2023-04-12 10:24:13.027 +05:30 [INF] Route matched with {action = "Index", controller = "Home"}. Executing controller action with signature Microsoft.AspNetCore.Mvc.IActionResult Index() on controller FirstApp.Controllers.HomeController (FirstApp).
2023-04-12 10:24:13.053 +05:30 [INF] Executing ViewResult, running view Index.
2023-04-12 10:24:13.416 +05:30 [INF] Executed ViewResult - view Index executed in 366.4702ms.
2023-04-12 10:24:13.422 +05:30 [INF] Executed action FirstApp.Controllers.HomeController.Index (FirstApp) in 394.1576ms
2023-04-12 10:24:13.423 +05:30 [INF] Executed endpoint 'FirstApp.Controllers.HomeController.Index (FirstApp)'
2023-04-12 10:24:13.435 +05:30 [INF] Request finished HTTP/1.1 GET http://localhost:5260/ - - - 200 - text/html;+charset=utf-8 784.9701ms
2023-04-12 10:24:18.404 +05:30 [INF] Request starting HTTP/1.1 GET http://localhost:5260/Employee/login - -
2023-04-12 10:24:18.415 +05:30 [INF] Executing endpoint 'FirstApp.Controllers.EmployeeController.login (FirstApp)'
2023-04-12 10:24:18.418 +05:30 [INF] Route matched with {action = "login", controller = "Employee"}. Executing controller action with signature Microsoft.AspNetCore.Mvc.IActionResult login() on controller FirstApp.Controllers.EmployeeController (FirstApp).
2023-04-12 10:24:18.423 +05:30 [INF] Executing ViewResult, running view login.
2023-04-12 10:24:18.670 +05:30 [INF] Executed ViewResult - view login executed in 248.505ms.
2023-04-12 10:24:18.670 +05:30 [INF] Executed action FirstApp.Controllers.EmployeeController.login (FirstApp) in 251.5232ms
2023-04-12 10:24:18.670 +05:30 [INF] Executed endpoint 'FirstApp.Controllers.EmployeeController.login (FirstApp)'
2023-04-12 10:24:18.671 +05:30 [INF] Request finished HTTP/1.1 GET http://localhost:5260/Employee/login - - - 200 - text/html;+charset=utf-8 267.7025ms
2023-04-12 10:24:18.715 +05:30 [INF] Request starting HTTP/1.1 GET http://localhost:5260/Employee/js/jquery.min.js - -
2023-04-12 10:24:18.717 +05:30 [INF] Request starting HTTP/1.1 GET http://localhost:5260/Employee/js/popper.js - -
2023-04-12 10:24:18.721 +05:30 [INF] Request starting HTTP/1.1 GET http://localhost:5260/Employee/js/main.js - -
2023-04-12 10:24:18.724 +05:30 [INF] Request starting HTTP/1.1 GET http://localhost:5260/Employee/js/bootstrap.min.js - -
2023-04-12 10:24:18.728 +05:30 [INF] Request finished HTTP/1.1 GET http://localhost:5260/Employee/js/popper.js - - - 404 0 - 10.3529ms
2023-04-12 10:24:18.728 +05:30 [INF] Request finished HTTP/1.1 GET http://localhost:5260/Employee/js/jquery.min.js - - - 404 0 - 13.4211ms
2023-04-12 10:24:18.730 +05:30 [INF] Request finished HTTP/1.1 GET http://localhost:5260/Employee/js/bootstrap.min.js - - - 404 0 - 5.7305ms
2023-04-12 10:24:18.734 +05:30 [INF] Request finished HTTP/1.1 GET http://localhost:5260/Employee/js/main.js - - - 404 0 - 12.4065ms
2023-04-12 10:24:29.027 +05:30 [INF] Request starting HTTP/1.1 POST http://localhost:5260/Employee/login application/x-www-form-urlencoded 246
2023-04-12 10:24:29.028 +05:30 [INF] Executing endpoint 'FirstApp.Controllers.EmployeeController.login (FirstApp)'
2023-04-12 10:24:29.076 +05:30 [INF] Route matched with {action = "login", controller = "Employee"}. Executing controller action with signature System.Threading.Tasks.Task`1[Microsoft.AspNetCore.Mvc.IActionResult] login(FirstApp.Models.Employee, FirstApp.Models.Database) on controller FirstApp.Controllers.EmployeeController (FirstApp).
2023-04-12 10:24:29.970 +05:30 [INF] AuthenticationScheme: Cookies signed in.
2023-04-12 10:24:29.973 +05:30 [INF] Executing RedirectResult, redirecting to /Dashboard?EmployeeId=00000000-0000-0000-0000-000000000000&EmailId=abinashabinash711@gmail.com&userPassword=Abinash@24&DateOfBirth=01%2F01%2F0001%2000%3A00%3A00.
2023-04-12 10:24:29.974 +05:30 [INF] Executed action FirstApp.Controllers.EmployeeController.login (FirstApp) in 898.0433ms
2023-04-12 10:24:29.974 +05:30 [INF] Executed endpoint 'FirstApp.Controllers.EmployeeController.login (FirstApp)'
2023-04-12 10:24:29.974 +05:30 [INF] Request finished HTTP/1.1 POST http://localhost:5260/Employee/login application/x-www-form-urlencoded 246 - 302 0 - 947.2998ms
2023-04-12 10:24:29.979 +05:30 [INF] Request starting HTTP/1.1 GET http://localhost:5260/Dashboard?EmployeeId=00000000-0000-0000-0000-000000000000&EmailId=abinashabinash711@gmail.com&userPassword=Abinash@24&DateOfBirth=01%2F01%2F0001%2000%3A00%3A00 - -
2023-04-12 10:24:29.991 +05:30 [INF] Executing endpoint 'FirstApp.Controllers.DashboardController.Index (FirstApp)'
2023-04-12 10:24:29.993 +05:30 [INF] Route matched with {action = "Index", controller = "Dashboard"}. Executing controller action with signature Microsoft.AspNetCore.Mvc.IActionResult Index(FirstApp.Models.Employee) on controller FirstApp.Controllers.DashboardController (FirstApp).
2023-04-12 10:24:30.047 +05:30 [INF] Executing ViewResult, running view Index.
2023-04-12 10:24:30.075 +05:30 [INF] Executed ViewResult - view Index executed in 29.2337ms.
2023-04-12 10:24:30.075 +05:30 [INF] Executed action FirstApp.Controllers.DashboardController.Index (FirstApp) in 82.0712ms
2023-04-12 10:24:30.075 +05:30 [INF] Executed endpoint 'FirstApp.Controllers.DashboardController.Index (FirstApp)'
2023-04-12 10:24:30.091 +05:30 [INF] Session started; Key:ba0107ba-821a-f407-1f9f-46e16559e8ef, Id:debf14af-1db0-bb16-7e27-037563dfbfb9
2023-04-12 10:24:30.093 +05:30 [INF] Request finished HTTP/1.1 GET http://localhost:5260/Dashboard?EmployeeId=00000000-0000-0000-0000-000000000000&EmailId=abinashabinash711@gmail.com&userPassword=Abinash@24&DateOfBirth=01%2F01%2F0001%2000%3A00%3A00 - - - 200 - text/html;+charset=utf-8 113.7305ms
2023-04-12 10:24:32.610 +05:30 [INF] Request starting HTTP/1.1 GET http://localhost:5260/Dashboard/bookRide - -
2023-04-12 10:24:32.619 +05:30 [INF] Executing endpoint 'FirstApp.Controllers.DashboardController.bookRide (FirstApp)'
2023-04-12 10:24:32.621 +05:30 [INF] Route matched with {action = "bookRide", controller = "Dashboard"}. Executing controller action with signature Microsoft.AspNetCore.Mvc.ActionResult bookRide() on controller FirstApp.Controllers.DashboardController (FirstApp).
2023-04-12 10:24:32.623 +05:30 [INF] Executing ViewResult, running view bookRide.
2023-04-12 10:24:32.657 +05:30 [INF] Executed ViewResult - view bookRide executed in 35.7744ms.
2023-04-12 10:24:32.657 +05:30 [INF] Executed action FirstApp.Controllers.DashboardController.bookRide (FirstApp) in 36.4321ms
2023-04-12 10:24:32.658 +05:30 [INF] Executed endpoint 'FirstApp.Controllers.DashboardController.bookRide (FirstApp)'
2023-04-12 10:24:32.658 +05:30 [INF] Request finished HTTP/1.1 GET http://localhost:5260/Dashboard/bookRide - - - 200 - text/html;+charset=utf-8 47.9508ms
2023-04-12 10:24:42.943 +05:30 [INF] Request starting HTTP/1.1 POST http://localhost:5260/Dashboard/bookRide application/x-www-form-urlencoded 278
2023-04-12 10:24:42.956 +05:30 [INF] Executing endpoint 'FirstApp.Controllers.DashboardController.bookRide (FirstApp)'
2023-04-12 10:24:42.958 +05:30 [INF] Route matched with {action = "bookRide", controller = "Dashboard"}. Executing controller action with signature Microsoft.AspNetCore.Mvc.ActionResult bookRide(FirstApp.Models.CurrentUser) on controller FirstApp.Controllers.DashboardController (FirstApp).
2023-04-12 10:27:30.949 +05:30 [INF] User profile is available. Using 'C:\Users\abi6\AppData\Local\ASP.NET\DataProtection-Keys' as key repository and Windows DPAPI to encrypt keys at rest.
2023-04-12 10:27:31.155 +05:30 [INF] Now listening on: http://localhost:5260
2023-04-12 10:27:31.163 +05:30 [INF] Application started. Press Ctrl+C to shut down.
2023-04-12 10:27:31.164 +05:30 [INF] Hosting environment: Development
2023-04-12 10:27:31.164 +05:30 [INF] Content root path: C:\Users\abi6\Desktop\FirstApp
2023-04-12 10:27:34.685 +05:30 [INF] Request starting HTTP/1.1 GET http://localhost:5260/ - -
2023-04-12 10:27:34.786 +05:30 [WRN] Failed to determine the https port for redirect.
2023-04-12 10:27:35.045 +05:30 [INF] Executing endpoint 'FirstApp.Controllers.HomeController.Index (FirstApp)'
2023-04-12 10:27:35.144 +05:30 [INF] Route matched with {action = "Index", controller = "Home"}. Executing controller action with signature Microsoft.AspNetCore.Mvc.IActionResult Index() on controller FirstApp.Controllers.HomeController (FirstApp).
2023-04-12 10:27:35.197 +05:30 [INF] Executing ViewResult, running view Index.
2023-04-12 10:27:35.494 +05:30 [INF] Executed ViewResult - view Index executed in 316.7483ms.
2023-04-12 10:27:35.501 +05:30 [INF] Executed action FirstApp.Controllers.HomeController.Index (FirstApp) in 355.1231ms
2023-04-12 10:27:35.501 +05:30 [INF] Executed endpoint 'FirstApp.Controllers.HomeController.Index (FirstApp)'
2023-04-12 10:27:35.516 +05:30 [INF] Request finished HTTP/1.1 GET http://localhost:5260/ - - - 200 - text/html;+charset=utf-8 842.8336ms
2023-04-12 10:27:36.283 +05:30 [INF] Request starting HTTP/1.1 GET http://localhost:5260/favicon.ico - -
2023-04-12 10:27:36.328 +05:30 [INF] The file /favicon.ico was not modified
2023-04-12 10:27:36.330 +05:30 [INF] Request finished HTTP/1.1 GET http://localhost:5260/favicon.ico - - - 304 - image/x-icon 46.9671ms
2023-04-12 10:27:39.774 +05:30 [INF] Request starting HTTP/1.1 GET http://localhost:5260/Employee/login - -
2023-04-12 10:27:39.789 +05:30 [INF] Executing endpoint 'FirstApp.Controllers.EmployeeController.login (FirstApp)'
2023-04-12 10:27:39.795 +05:30 [INF] Route matched with {action = "login", controller = "Employee"}. Executing controller action with signature Microsoft.AspNetCore.Mvc.IActionResult login() on controller FirstApp.Controllers.EmployeeController (FirstApp).
2023-04-12 10:27:39.802 +05:30 [INF] Executing ViewResult, running view login.
2023-04-12 10:27:40.002 +05:30 [INF] Executed ViewResult - view login executed in 202.7913ms.
2023-04-12 10:27:40.002 +05:30 [INF] Executed action FirstApp.Controllers.EmployeeController.login (FirstApp) in 207.7409ms
2023-04-12 10:27:40.003 +05:30 [INF] Executed endpoint 'FirstApp.Controllers.EmployeeController.login (FirstApp)'
2023-04-12 10:27:40.003 +05:30 [INF] Request finished HTTP/1.1 GET http://localhost:5260/Employee/login - - - 200 - text/html;+charset=utf-8 229.5881ms
2023-04-12 10:27:40.049 +05:30 [INF] Request starting HTTP/1.1 GET http://localhost:5260/Employee/js/jquery.min.js - -
2023-04-12 10:27:40.050 +05:30 [INF] Request starting HTTP/1.1 GET http://localhost:5260/Employee/js/popper.js - -
2023-04-12 10:27:40.052 +05:30 [INF] Request starting HTTP/1.1 GET http://localhost:5260/Employee/js/bootstrap.min.js - -
2023-04-12 10:27:40.053 +05:30 [INF] Request starting HTTP/1.1 GET http://localhost:5260/Employee/js/main.js - -
2023-04-12 10:27:40.061 +05:30 [INF] Request finished HTTP/1.1 GET http://localhost:5260/Employee/js/bootstrap.min.js - - - 404 0 - 8.8339ms
2023-04-12 10:27:40.061 +05:30 [INF] Request finished HTTP/1.1 GET http://localhost:5260/Employee/js/main.js - - - 404 0 - 8.4023ms
2023-04-12 10:27:40.062 +05:30 [INF] Request finished HTTP/1.1 GET http://localhost:5260/Employee/js/jquery.min.js - - - 404 0 - 13.2015ms
2023-04-12 10:27:40.061 +05:30 [INF] Request finished HTTP/1.1 GET http://localhost:5260/Employee/js/popper.js - - - 404 0 - 11.6352ms
2023-04-12 10:27:51.297 +05:30 [INF] Request starting HTTP/1.1 POST http://localhost:5260/Employee/login application/x-www-form-urlencoded 246
2023-04-12 10:27:51.298 +05:30 [INF] Executing endpoint 'FirstApp.Controllers.EmployeeController.login (FirstApp)'
2023-04-12 10:27:51.348 +05:30 [INF] Route matched with {action = "login", controller = "Employee"}. Executing controller action with signature System.Threading.Tasks.Task`1[Microsoft.AspNetCore.Mvc.IActionResult] login(FirstApp.Models.Employee, FirstApp.Models.Database) on controller FirstApp.Controllers.EmployeeController (FirstApp).
2023-04-12 10:27:51.675 +05:30 [INF] AuthenticationScheme: Cookies signed in.
2023-04-12 10:27:51.680 +05:30 [INF] Executing RedirectResult, redirecting to /Dashboard?EmployeeId=00000000-0000-0000-0000-000000000000&EmailId=abinashabinash711@gmail.com&userPassword=Abinash@24&DateOfBirth=01%2F01%2F0001%2000%3A00%3A00.
2023-04-12 10:27:51.680 +05:30 [INF] Executed action FirstApp.Controllers.EmployeeController.login (FirstApp) in 332.3401ms
2023-04-12 10:27:51.680 +05:30 [INF] Executed endpoint 'FirstApp.Controllers.EmployeeController.login (FirstApp)'
2023-04-12 10:27:51.680 +05:30 [INF] Request finished HTTP/1.1 POST http://localhost:5260/Employee/login application/x-www-form-urlencoded 246 - 302 0 - 383.3255ms
2023-04-12 10:27:51.687 +05:30 [INF] Request starting HTTP/1.1 GET http://localhost:5260/Dashboard?EmployeeId=00000000-0000-0000-0000-000000000000&EmailId=abinashabinash711@gmail.com&userPassword=Abinash@24&DateOfBirth=01%2F01%2F0001%2000%3A00%3A00 - -
2023-04-12 10:27:51.696 +05:30 [INF] Executing endpoint 'FirstApp.Controllers.DashboardController.Index (FirstApp)'
2023-04-12 10:27:51.698 +05:30 [INF] Route matched with {action = "Index", controller = "Dashboard"}. Executing controller action with signature Microsoft.AspNetCore.Mvc.IActionResult Index(FirstApp.Models.Employee) on controller FirstApp.Controllers.DashboardController (FirstApp).
2023-04-12 10:27:51.722 +05:30 [INF] Executing ViewResult, running view Index.
2023-04-12 10:27:51.756 +05:30 [INF] Executed ViewResult - view Index executed in 34.8941ms.
2023-04-12 10:27:51.756 +05:30 [INF] Executed action FirstApp.Controllers.DashboardController.Index (FirstApp) in 58.0436ms
2023-04-12 10:27:51.756 +05:30 [INF] Executed endpoint 'FirstApp.Controllers.DashboardController.Index (FirstApp)'
2023-04-12 10:27:51.768 +05:30 [INF] Session started; Key:452fbdc9-714d-842d-de69-f98767f1c2e8, Id:0b6b5902-6baf-0c8a-8628-46e8fbac9c91
2023-04-12 10:27:51.772 +05:30 [INF] Request finished HTTP/1.1 GET http://localhost:5260/Dashboard?EmployeeId=00000000-0000-0000-0000-000000000000&EmailId=abinashabinash711@gmail.com&userPassword=Abinash@24&DateOfBirth=01%2F01%2F0001%2000%3A00%3A00 - - - 200 - text/html;+charset=utf-8 85.5835ms
2023-04-12 10:29:29.470 +05:30 [INF] Request starting HTTP/1.1 GET http://localhost:5260/Dashboard/bookRide - -
2023-04-12 10:29:29.483 +05:30 [INF] Executing endpoint 'FirstApp.Controllers.DashboardController.bookRide (FirstApp)'
2023-04-12 10:29:29.486 +05:30 [INF] Route matched with {action = "bookRide", controller = "Dashboard"}. Executing controller action with signature Microsoft.AspNetCore.Mvc.ActionResult bookRide() on controller FirstApp.Controllers.DashboardController (FirstApp).
2023-04-12 10:29:29.488 +05:30 [INF] Executing ViewResult, running view bookRide.
2023-04-12 10:29:29.526 +05:30 [INF] Executed ViewResult - view bookRide executed in 39.635ms.
2023-04-12 10:29:29.526 +05:30 [INF] Executed action FirstApp.Controllers.DashboardController.bookRide (FirstApp) in 40.2702ms
2023-04-12 10:29:29.526 +05:30 [INF] Executed endpoint 'FirstApp.Controllers.DashboardController.bookRide (FirstApp)'
2023-04-12 10:29:29.526 +05:30 [INF] Request finished HTTP/1.1 GET http://localhost:5260/Dashboard/bookRide - - - 200 - text/html;+charset=utf-8 56.6348ms
2023-04-12 10:29:35.373 +05:30 [INF] Request starting HTTP/1.1 POST http://localhost:5260/Dashboard/seatBooked application/x-www-form-urlencoded 278
2023-04-12 10:29:35.383 +05:30 [INF] Executing endpoint 'FirstApp.Controllers.DashboardController.seatBooked (FirstApp)'
2023-04-12 10:29:35.387 +05:30 [INF] Route matched with {action = "seatBooked", controller = "Dashboard"}. Executing controller action with signature Microsoft.AspNetCore.Mvc.ActionResult seatBooked() on controller FirstApp.Controllers.DashboardController (FirstApp).
2023-04-12 10:29:35.389 +05:30 [INF] Executing ViewResult, running view seatBooked.
2023-04-12 10:29:35.402 +05:30 [INF] Executed ViewResult - view seatBooked executed in 14.71ms.
2023-04-12 10:29:35.403 +05:30 [INF] Executed action FirstApp.Controllers.DashboardController.seatBooked (FirstApp) in 15.4638ms
2023-04-12 10:29:35.403 +05:30 [INF] Executed endpoint 'FirstApp.Controllers.DashboardController.seatBooked (FirstApp)'
2023-04-12 10:29:35.403 +05:30 [INF] Request finished HTTP/1.1 POST http://localhost:5260/Dashboard/seatBooked application/x-www-form-urlencoded 278 - 200 - text/html;+charset=utf-8 30.0696ms
2023-04-12 10:29:37.192 +05:30 [INF] Request starting HTTP/1.1 GET http://localhost:5260/Home/logOut - -
2023-04-12 10:29:37.193 +05:30 [INF] Executing endpoint 'FirstApp.Controllers.HomeController.logOut (FirstApp)'
2023-04-12 10:29:37.208 +05:30 [INF] Route matched with {action = "logOut", controller = "Home"}. Executing controller action with signature System.Threading.Tasks.Task`1[Microsoft.AspNetCore.Mvc.IActionResult] logOut() on controller FirstApp.Controllers.HomeController (FirstApp).
2023-04-12 10:29:37.212 +05:30 [INF] AuthenticationScheme: Cookies signed out.
2023-04-12 10:29:37.213 +05:30 [INF] Executing RedirectResult, redirecting to /.
2023-04-12 10:29:37.214 +05:30 [INF] Executed action FirstApp.Controllers.HomeController.logOut (FirstApp) in 5.528ms
2023-04-12 10:29:37.214 +05:30 [INF] Executed endpoint 'FirstApp.Controllers.HomeController.logOut (FirstApp)'
2023-04-12 10:29:37.214 +05:30 [INF] Request finished HTTP/1.1 GET http://localhost:5260/Home/logOut - - - 302 0 - 21.4634ms
2023-04-12 10:29:37.220 +05:30 [INF] Request starting HTTP/1.1 GET http://localhost:5260/ - -
2023-04-12 10:29:37.221 +05:30 [INF] Executing endpoint 'FirstApp.Controllers.HomeController.Index (FirstApp)'
2023-04-12 10:29:37.222 +05:30 [INF] Route matched with {action = "Index", controller = "Home"}. Executing controller action with signature Microsoft.AspNetCore.Mvc.IActionResult Index() on controller FirstApp.Controllers.HomeController (FirstApp).
2023-04-12 10:29:37.223 +05:30 [INF] Executing ViewResult, running view Index.
2023-04-12 10:29:37.225 +05:30 [INF] Executed ViewResult - view Index executed in 2.1389ms.
2023-04-12 10:29:37.225 +05:30 [INF] Executed action FirstApp.Controllers.HomeController.Index (FirstApp) in 2.4446ms
2023-04-12 10:29:37.225 +05:30 [INF] Executed endpoint 'FirstApp.Controllers.HomeController.Index (FirstApp)'
2023-04-12 10:29:37.225 +05:30 [INF] Request finished HTTP/1.1 GET http://localhost:5260/ - - - 200 - text/html;+charset=utf-8 5.3208ms
2023-04-12 11:07:13.991 +05:30 [INF] Request starting HTTP/1.1 GET http://localhost:5260/Employee/login - -
2023-04-12 11:07:13.998 +05:30 [INF] Executing endpoint 'FirstApp.Controllers.EmployeeController.login (FirstApp)'
2023-04-12 11:07:13.999 +05:30 [INF] Route matched with {action = "login", controller = "Employee"}. Executing controller action with signature Microsoft.AspNetCore.Mvc.IActionResult login() on controller FirstApp.Controllers.EmployeeController (FirstApp).
2023-04-12 11:07:14.003 +05:30 [INF] Accessing expired session, Key:452fbdc9-714d-842d-de69-f98767f1c2e8
2023-04-12 11:07:14.006 +05:30 [INF] Executing ViewResult, running view login.
2023-04-12 11:07:14.014 +05:30 [INF] Executed ViewResult - view login executed in 10.4308ms.
2023-04-12 11:07:14.014 +05:30 [INF] Executed action FirstApp.Controllers.EmployeeController.login (FirstApp) in 15.2934ms
2023-04-12 11:07:14.014 +05:30 [INF] Executed endpoint 'FirstApp.Controllers.EmployeeController.login (FirstApp)'
2023-04-12 11:07:14.015 +05:30 [INF] Request finished HTTP/1.1 GET http://localhost:5260/Employee/login - - - 200 - text/html;+charset=utf-8 31.3640ms
2023-04-12 11:07:14.244 +05:30 [INF] Request starting HTTP/1.1 GET http://localhost:5260/Employee/js/jquery.min.js - -
2023-04-12 11:07:14.245 +05:30 [INF] Request finished HTTP/1.1 GET http://localhost:5260/Employee/js/jquery.min.js - - - 404 0 - 0.9407ms
2023-04-12 11:07:14.278 +05:30 [INF] Request starting HTTP/1.1 GET http://localhost:5260/Employee/js/main.js - -
2023-04-12 11:07:14.279 +05:30 [INF] Request starting HTTP/1.1 GET http://localhost:5260/Employee/js/popper.js - -
2023-04-12 11:07:14.279 +05:30 [INF] Request finished HTTP/1.1 GET http://localhost:5260/Employee/js/main.js - - - 404 0 - 0.9004ms
2023-04-12 11:07:14.280 +05:30 [INF] Request finished HTTP/1.1 GET http://localhost:5260/Employee/js/popper.js - - - 404 0 - 1.3038ms
2023-04-12 11:07:14.280 +05:30 [INF] Request starting HTTP/1.1 GET http://localhost:5260/Employee/js/bootstrap.min.js - -
2023-04-12 11:07:14.282 +05:30 [INF] Request finished HTTP/1.1 GET http://localhost:5260/Employee/js/bootstrap.min.js - - - 404 0 - 1.3463ms
2023-04-12 11:07:29.501 +05:30 [INF] Request starting HTTP/1.1 POST http://localhost:5260/Employee/login application/x-www-form-urlencoded 245
2023-04-12 11:07:29.503 +05:30 [INF] Executing endpoint 'FirstApp.Controllers.EmployeeController.login (FirstApp)'
2023-04-12 11:07:29.503 +05:30 [INF] Route matched with {action = "login", controller = "Employee"}. Executing controller action with signature System.Threading.Tasks.Task`1[Microsoft.AspNetCore.Mvc.IActionResult] login(FirstApp.Models.Employee, FirstApp.Models.Database) on controller FirstApp.Controllers.EmployeeController (FirstApp).
2023-04-12 11:07:29.632 +05:30 [INF] Executing ViewResult, running view Login.
2023-04-12 11:07:29.636 +05:30 [INF] Accessing expired session, Key:452fbdc9-714d-842d-de69-f98767f1c2e8
2023-04-12 11:07:29.644 +05:30 [INF] Executed ViewResult - view Login executed in 13.2426ms.
2023-04-12 11:07:29.645 +05:30 [INF] Executed action FirstApp.Controllers.EmployeeController.login (FirstApp) in 141.5767ms
2023-04-12 11:07:29.645 +05:30 [INF] Executed endpoint 'FirstApp.Controllers.EmployeeController.login (FirstApp)'
2023-04-12 11:07:29.645 +05:30 [INF] Request finished HTTP/1.1 POST http://localhost:5260/Employee/login application/x-www-form-urlencoded 245 - 200 - text/html;+charset=utf-8 143.9284ms
2023-04-12 11:07:29.674 +05:30 [INF] Request starting HTTP/1.1 GET http://localhost:5260/Employee/js/jquery.min.js - -
2023-04-12 11:07:29.675 +05:30 [INF] Request finished HTTP/1.1 GET http://localhost:5260/Employee/js/jquery.min.js - - - 404 0 - 0.8724ms
2023-04-12 11:07:29.676 +05:30 [INF] Request starting HTTP/1.1 GET http://localhost:5260/Employee/js/popper.js - -
2023-04-12 11:07:29.677 +05:30 [INF] Request finished HTTP/1.1 GET http://localhost:5260/Employee/js/popper.js - - - 404 0 - 1.4507ms
2023-04-12 11:07:29.686 +05:30 [INF] Request starting HTTP/1.1 GET http://localhost:5260/Employee/js/bootstrap.min.js - -
2023-04-12 11:07:29.687 +05:30 [INF] Request finished HTTP/1.1 GET http://localhost:5260/Employee/js/bootstrap.min.js - - - 404 0 - 0.8409ms
2023-04-12 11:07:29.701 +05:30 [INF] Request starting HTTP/1.1 GET http://localhost:5260/Employee/js/main.js - -
2023-04-12 11:07:29.702 +05:30 [INF] Request finished HTTP/1.1 GET http://localhost:5260/Employee/js/main.js - - - 404 0 - 0.8717ms
2023-04-12 11:07:42.192 +05:30 [INF] Request starting HTTP/1.1 POST http://localhost:5260/Employee/login application/x-www-form-urlencoded 246
2023-04-12 11:07:42.193 +05:30 [INF] Executing endpoint 'FirstApp.Controllers.EmployeeController.login (FirstApp)'
2023-04-12 11:07:42.193 +05:30 [INF] Route matched with {action = "login", controller = "Employee"}. Executing controller action with signature System.Threading.Tasks.Task`1[Microsoft.AspNetCore.Mvc.IActionResult] login(FirstApp.Models.Employee, FirstApp.Models.Database) on controller FirstApp.Controllers.EmployeeController (FirstApp).
2023-04-12 11:07:42.195 +05:30 [INF] AuthenticationScheme: Cookies signed in.
2023-04-12 11:07:42.196 +05:30 [INF] Executing RedirectResult, redirecting to /Dashboard?EmployeeId=00000000-0000-0000-0000-000000000000&EmailId=abinashabinash711@gmail.com&userPassword=Abinash@24&DateOfBirth=01%2F01%2F0001%2000%3A00%3A00.
2023-04-12 11:07:42.196 +05:30 [INF] Executed action FirstApp.Controllers.EmployeeController.login (FirstApp) in 2.7656ms
2023-04-12 11:07:42.196 +05:30 [INF] Executed endpoint 'FirstApp.Controllers.EmployeeController.login (FirstApp)'
2023-04-12 11:07:42.196 +05:30 [INF] Request finished HTTP/1.1 POST http://localhost:5260/Employee/login application/x-www-form-urlencoded 246 - 302 0 - 4.0485ms
2023-04-12 11:07:42.208 +05:30 [INF] Request starting HTTP/1.1 GET http://localhost:5260/Dashboard?EmployeeId=00000000-0000-0000-0000-000000000000&EmailId=abinashabinash711@gmail.com&userPassword=Abinash@24&DateOfBirth=01%2F01%2F0001%2000%3A00%3A00 - -
2023-04-12 11:07:42.209 +05:30 [INF] Executing endpoint 'FirstApp.Controllers.DashboardController.Index (FirstApp)'
2023-04-12 11:07:42.209 +05:30 [INF] Route matched with {action = "Index", controller = "Dashboard"}. Executing controller action with signature Microsoft.AspNetCore.Mvc.IActionResult Index(FirstApp.Models.Employee) on controller FirstApp.Controllers.DashboardController (FirstApp).
2023-04-12 11:07:42.216 +05:30 [INF] Accessing expired session, Key:452fbdc9-714d-842d-de69-f98767f1c2e8
2023-04-12 11:07:42.218 +05:30 [INF] Executing ViewResult, running view Index.
2023-04-12 11:07:42.221 +05:30 [INF] Executed ViewResult - view Index executed in 5.369ms.
2023-04-12 11:07:42.222 +05:30 [INF] Executed action FirstApp.Controllers.DashboardController.Index (FirstApp) in 12.7157ms
2023-04-12 11:07:42.222 +05:30 [INF] Executed endpoint 'FirstApp.Controllers.DashboardController.Index (FirstApp)'
2023-04-12 11:07:42.222 +05:30 [INF] Session started; Key:452fbdc9-714d-842d-de69-f98767f1c2e8, Id:fcf60315-9d63-0c6c-94ef-e4b5cba5b853
2023-04-12 11:07:42.223 +05:30 [INF] Request finished HTTP/1.1 GET http://localhost:5260/Dashboard?EmployeeId=00000000-0000-0000-0000-000000000000&EmailId=abinashabinash711@gmail.com&userPassword=Abinash@24&DateOfBirth=01%2F01%2F0001%2000%3A00%3A00 - - - 200 - text/html;+charset=utf-8 15.7352ms
2023-04-12 11:07:50.981 +05:30 [INF] Request starting HTTP/1.1 GET http://localhost:5260/Dashboard/bookRide - -
2023-04-12 11:07:50.983 +05:30 [INF] Executing endpoint 'FirstApp.Controllers.DashboardController.bookRide (FirstApp)'
2023-04-12 11:07:50.983 +05:30 [INF] Route matched with {action = "bookRide", controller = "Dashboard"}. Executing controller action with signature Microsoft.AspNetCore.Mvc.ActionResult bookRide() on controller FirstApp.Controllers.DashboardController (FirstApp).
2023-04-12 11:07:50.984 +05:30 [INF] Executing ViewResult, running view bookRide.
2023-04-12 11:07:50.992 +05:30 [INF] Executed ViewResult - view bookRide executed in 9.403ms.
2023-04-12 11:07:50.993 +05:30 [INF] Executed action FirstApp.Controllers.DashboardController.bookRide (FirstApp) in 9.7005ms
2023-04-12 11:07:50.993 +05:30 [INF] Executed endpoint 'FirstApp.Controllers.DashboardController.bookRide (FirstApp)'
2023-04-12 11:07:50.993 +05:30 [INF] Request finished HTTP/1.1 GET http://localhost:5260/Dashboard/bookRide - - - 200 - text/html;+charset=utf-8 11.7833ms
2023-04-12 11:07:58.689 +05:30 [INF] Request starting HTTP/1.1 POST http://localhost:5260/Dashboard/seatBooked application/x-www-form-urlencoded 278
2023-04-12 11:07:58.690 +05:30 [INF] Executing endpoint 'FirstApp.Controllers.DashboardController.seatBooked (FirstApp)'
2023-04-12 11:07:58.690 +05:30 [INF] Route matched with {action = "seatBooked", controller = "Dashboard"}. Executing controller action with signature Microsoft.AspNetCore.Mvc.ActionResult seatBooked() on controller FirstApp.Controllers.DashboardController (FirstApp).
2023-04-12 11:07:58.694 +05:30 [INF] Executing ViewResult, running view seatBooked.
2023-04-12 11:07:58.700 +05:30 [INF] Executed ViewResult - view seatBooked executed in 10.0163ms.
2023-04-12 11:07:58.701 +05:30 [INF] Executed action FirstApp.Controllers.DashboardController.seatBooked (FirstApp) in 10.3094ms
2023-04-12 11:07:58.701 +05:30 [INF] Executed endpoint 'FirstApp.Controllers.DashboardController.seatBooked (FirstApp)'
2023-04-12 11:07:58.702 +05:30 [INF] Request finished HTTP/1.1 POST http://localhost:5260/Dashboard/seatBooked application/x-www-form-urlencoded 278 - 200 - text/html;+charset=utf-8 12.6494ms
2023-04-12 11:08:21.674 +05:30 [INF] Request starting HTTP/1.1 GET http://localhost:5260/Home/logOut - -
2023-04-12 11:08:21.680 +05:30 [INF] Executing endpoint 'FirstApp.Controllers.HomeController.logOut (FirstApp)'
2023-04-12 11:08:21.680 +05:30 [INF] Route matched with {action = "logOut", controller = "Home"}. Executing controller action with signature System.Threading.Tasks.Task`1[Microsoft.AspNetCore.Mvc.IActionResult] logOut() on controller FirstApp.Controllers.HomeController (FirstApp).
2023-04-12 11:08:21.682 +05:30 [INF] AuthenticationScheme: Cookies signed out.
2023-04-12 11:08:21.688 +05:30 [INF] Executing RedirectResult, redirecting to /.
2023-04-12 11:08:21.689 +05:30 [INF] Executed action FirstApp.Controllers.HomeController.logOut (FirstApp) in 8.0992ms
2023-04-12 11:08:21.689 +05:30 [INF] Executed endpoint 'FirstApp.Controllers.HomeController.logOut (FirstApp)'
2023-04-12 11:08:21.689 +05:30 [INF] Request finished HTTP/1.1 GET http://localhost:5260/Home/logOut - - - 302 0 - 14.8176ms
2023-04-12 11:08:21.755 +05:30 [INF] Request starting HTTP/1.1 GET http://localhost:5260/ - -
2023-04-12 11:08:21.756 +05:30 [INF] Executing endpoint 'FirstApp.Controllers.HomeController.Index (FirstApp)'
2023-04-12 11:08:21.756 +05:30 [INF] Route matched with {action = "Index", controller = "Home"}. Executing controller action with signature Microsoft.AspNetCore.Mvc.IActionResult Index() on controller FirstApp.Controllers.HomeController (FirstApp).
2023-04-12 11:08:21.758 +05:30 [INF] Executing ViewResult, running view Index.
2023-04-12 11:08:21.760 +05:30 [INF] Executed ViewResult - view Index executed in 4.1866ms.
2023-04-12 11:08:21.762 +05:30 [INF] Executed action FirstApp.Controllers.HomeController.Index (FirstApp) in 6.3776ms
2023-04-12 11:08:21.763 +05:30 [INF] Executed endpoint 'FirstApp.Controllers.HomeController.Index (FirstApp)'
2023-04-12 11:08:21.763 +05:30 [INF] Request finished HTTP/1.1 GET http://localhost:5260/ - - - 200 - text/html;+charset=utf-8 7.6362ms
2023-04-12 11:08:23.650 +05:30 [INF] Request starting HTTP/1.1 GET http://localhost:5260/Employee/login - -
2023-04-12 11:08:23.650 +05:30 [INF] Executing endpoint 'FirstApp.Controllers.EmployeeController.login (FirstApp)'
2023-04-12 11:08:23.651 +05:30 [INF] Route matched with {action = "login", controller = "Employee"}. Executing controller action with signature Microsoft.AspNetCore.Mvc.IActionResult login() on controller FirstApp.Controllers.EmployeeController (FirstApp).
2023-04-12 11:08:23.651 +05:30 [INF] Executing ViewResult, running view login.
2023-04-12 11:08:23.657 +05:30 [INF] Executed ViewResult - view login executed in 6.2431ms.
2023-04-12 11:08:23.658 +05:30 [INF] Executed action FirstApp.Controllers.EmployeeController.login (FirstApp) in 7.0941ms
2023-04-12 11:08:23.658 +05:30 [INF] Executed endpoint 'FirstApp.Controllers.EmployeeController.login (FirstApp)'
2023-04-12 11:08:23.659 +05:30 [INF] Request finished HTTP/1.1 GET http://localhost:5260/Employee/login - - - 200 - text/html;+charset=utf-8 8.5477ms
2023-04-12 11:08:23.705 +05:30 [INF] Request starting HTTP/1.1 GET http://localhost:5260/Employee/js/jquery.min.js - -
2023-04-12 11:08:23.706 +05:30 [INF] Request starting HTTP/1.1 GET http://localhost:5260/Employee/js/popper.js - -
2023-04-12 11:08:23.707 +05:30 [INF] Request finished HTTP/1.1 GET http://localhost:5260/Employee/js/jquery.min.js - - - 404 0 - 2.1005ms
2023-04-12 11:08:23.708 +05:30 [INF] Request finished HTTP/1.1 GET http://localhost:5260/Employee/js/popper.js - - - 404 0 - 1.4219ms
2023-04-12 11:08:23.708 +05:30 [INF] Request starting HTTP/1.1 GET http://localhost:5260/Employee/js/bootstrap.min.js - -
2023-04-12 11:08:23.709 +05:30 [INF] Request finished HTTP/1.1 GET http://localhost:5260/Employee/js/bootstrap.min.js - - - 404 0 - 0.7666ms
2023-04-12 11:08:23.709 +05:30 [INF] Request starting HTTP/1.1 GET http://localhost:5260/Employee/js/main.js - -
2023-04-12 11:08:23.710 +05:30 [INF] Request finished HTTP/1.1 GET http://localhost:5260/Employee/js/main.js - - - 404 0 - 0.8600ms
2023-04-12 11:08:34.582 +05:30 [INF] Request starting HTTP/1.1 POST http://localhost:5260/Employee/login application/x-www-form-urlencoded 227
2023-04-12 11:08:34.583 +05:30 [INF] Executing endpoint 'FirstApp.Controllers.EmployeeController.login (FirstApp)'
2023-04-12 11:08:34.583 +05:30 [INF] Route matched with {action = "login", controller = "Employee"}. Executing controller action with signature System.Threading.Tasks.Task`1[Microsoft.AspNetCore.Mvc.IActionResult] login(FirstApp.Models.Employee, FirstApp.Models.Database) on controller FirstApp.Controllers.EmployeeController (FirstApp).
2023-04-12 11:08:34.594 +05:30 [INF] AuthenticationScheme: Cookies signed in.
2023-04-12 11:08:34.594 +05:30 [INF] Executing RedirectResult, redirecting to /Admin.
2023-04-12 11:08:34.594 +05:30 [INF] Executed action FirstApp.Controllers.EmployeeController.login (FirstApp) in 10.9682ms
2023-04-12 11:08:34.595 +05:30 [INF] Executed endpoint 'FirstApp.Controllers.EmployeeController.login (FirstApp)'
2023-04-12 11:08:34.595 +05:30 [INF] Request finished HTTP/1.1 POST http://localhost:5260/Employee/login application/x-www-form-urlencoded 227 - 302 0 - 12.3694ms
2023-04-12 11:08:34.691 +05:30 [INF] Request starting HTTP/1.1 GET http://localhost:5260/Admin - -
2023-04-12 11:08:34.692 +05:30 [INF] Executing endpoint 'FirstApp.Controllers.AdminController.Index (FirstApp)'
2023-04-12 11:08:34.709 +05:30 [INF] Route matched with {action = "Index", controller = "Admin"}. Executing controller action with signature System.Threading.Tasks.Task`1[Microsoft.AspNetCore.Mvc.IActionResult] Index() on controller FirstApp.Controllers.AdminController (FirstApp).
2023-04-12 11:08:36.820 +05:30 [INF] Entity Framework Core 6.0.0 initialized 'EmployeeDBContext' using provider 'Microsoft.EntityFrameworkCore.SqlServer:6.0.0' with options: None
2023-04-12 11:08:38.609 +05:30 [INF] Executed DbCommand (92ms) [Parameters=[], CommandType='"Text"', CommandTimeout='30']
SELECT [e].[EmployeeId], [e].[DateOfBirth], [e].[Department], [e].[EmailId], [e].[Name], [e].[userPassword]
FROM [Employees] AS [e]
2023-04-12 11:08:38.835 +05:30 [INF] Executing ViewResult, running view Index.
2023-04-12 11:08:38.948 +05:30 [INF] Executed ViewResult - view Index executed in 114.885ms.
2023-04-12 11:08:38.953 +05:30 [INF] Executed action FirstApp.Controllers.AdminController.Index (FirstApp) in 4243.6208ms
2023-04-12 11:08:38.955 +05:30 [INF] Executed endpoint 'FirstApp.Controllers.AdminController.Index (FirstApp)'
2023-04-12 11:08:38.986 +05:30 [INF] Request finished HTTP/1.1 GET http://localhost:5260/Admin - - - 200 - text/html;+charset=utf-8 4294.9501ms
2023-04-12 11:08:42.482 +05:30 [INF] Request starting HTTP/1.1 GET http://localhost:5260/Admin/Add - -
2023-04-12 11:08:42.483 +05:30 [INF] Executing endpoint 'FirstApp.Controllers.AdminController.Add (FirstApp)'
2023-04-12 11:08:42.490 +05:30 [INF] Route matched with {action = "Add", controller = "Admin"}. Executing controller action with signature Microsoft.AspNetCore.Mvc.IActionResult Add() on controller FirstApp.Controllers.AdminController (FirstApp).
2023-04-12 11:08:42.544 +05:30 [INF] Executing ViewResult, running view Add.
2023-04-12 11:08:42.632 +05:30 [INF] Executed ViewResult - view Add executed in 89.3855ms.
2023-04-12 11:08:42.632 +05:30 [INF] Executed action FirstApp.Controllers.AdminController.Add (FirstApp) in 142.4008ms
2023-04-12 11:08:42.633 +05:30 [INF] Executed endpoint 'FirstApp.Controllers.AdminController.Add (FirstApp)'
2023-04-12 11:08:42.633 +05:30 [INF] Request finished HTTP/1.1 GET http://localhost:5260/Admin/Add - - - 200 - text/html;+charset=utf-8 150.6902ms
2023-04-12 11:08:47.994 +05:30 [INF] Request starting HTTP/1.1 GET http://localhost:5260/Admin - -
2023-04-12 11:08:47.995 +05:30 [INF] Executing endpoint 'FirstApp.Controllers.AdminController.Index (FirstApp)'
2023-04-12 11:08:47.995 +05:30 [INF] Route matched with {action = "Index", controller = "Admin"}. Executing controller action with signature System.Threading.Tasks.Task`1[Microsoft.AspNetCore.Mvc.IActionResult] Index() on controller FirstApp.Controllers.AdminController (FirstApp).
2023-04-12 11:08:48.036 +05:30 [INF] Entity Framework Core 6.0.0 initialized 'EmployeeDBContext' using provider 'Microsoft.EntityFrameworkCore.SqlServer:6.0.0' with options: None
2023-04-12 11:08:48.048 +05:30 [INF] Executed DbCommand (4ms) [Parameters=[], CommandType='"Text"', CommandTimeout='30']
SELECT [e].[EmployeeId], [e].[DateOfBirth], [e].[Department], [e].[EmailId], [e].[Name], [e].[userPassword]
FROM [Employees] AS [e]
2023-04-12 11:08:48.054 +05:30 [INF] Executing ViewResult, running view Index.
2023-04-12 11:08:48.057 +05:30 [INF] Executed ViewResult - view Index executed in 2.7462ms.
2023-04-12 11:08:48.057 +05:30 [INF] Executed action FirstApp.Controllers.AdminController.Index (FirstApp) in 62.0552ms
2023-04-12 11:08:48.058 +05:30 [INF] Executed endpoint 'FirstApp.Controllers.AdminController.Index (FirstApp)'
2023-04-12 11:08:48.062 +05:30 [INF] Request finished HTTP/1.1 GET http://localhost:5260/Admin - - - 200 - text/html;+charset=utf-8 68.0893ms
2023-04-12 11:08:50.136 +05:30 [INF] Request starting HTTP/1.1 GET http://localhost:5260/Admin/View/3f02db87-e47d-4718-8d45-0adf3db465b7 - -
2023-04-12 11:08:50.138 +05:30 [INF] Executing endpoint 'FirstApp.Controllers.AdminController.View (FirstApp)'
2023-04-12 11:08:50.146 +05:30 [INF] Route matched with {action = "View", controller = "Admin"}. Executing controller action with signature System.Threading.Tasks.Task`1[Microsoft.AspNetCore.Mvc.IActionResult] View(System.Guid) on controller FirstApp.Controllers.AdminController (FirstApp).
2023-04-12 11:08:50.267 +05:30 [INF] Entity Framework Core 6.0.0 initialized 'EmployeeDBContext' using provider 'Microsoft.EntityFrameworkCore.SqlServer:6.0.0' with options: None
2023-04-12 11:08:50.528 +05:30 [INF] Executed DbCommand (59ms) [Parameters=[@__id_0='?' (DbType = Guid)], CommandType='"Text"', CommandTimeout='30']
SELECT TOP(1) [e].[EmployeeId], [e].[DateOfBirth], [e].[Department], [e].[EmailId], [e].[Name], [e].[userPassword]
FROM [Employees] AS [e]
WHERE [e].[EmployeeId] = @__id_0
2023-04-12 11:08:50.548 +05:30 [INF] Executing ViewResult, running view View.
2023-04-12 11:08:50.628 +05:30 [INF] Executed ViewResult - view View executed in 81.297ms.
2023-04-12 11:08:50.628 +05:30 [INF] Executed action FirstApp.Controllers.AdminController.View (FirstApp) in 481.7038ms
2023-04-12 11:08:50.628 +05:30 [INF] Executed endpoint 'FirstApp.Controllers.AdminController.View (FirstApp)'
2023-04-12 11:08:50.628 +05:30 [INF] Request finished HTTP/1.1 GET http://localhost:5260/Admin/View/3f02db87-e47d-4718-8d45-0adf3db465b7 - - - 200 - text/html;+charset=utf-8 492.5254ms
2023-04-12 11:09:02.663 +05:30 [INF] Request starting HTTP/1.1 GET http://localhost:5260/Home/map - -
2023-04-12 11:09:02.665 +05:30 [INF] Executing endpoint 'FirstApp.Controllers.HomeController.map (FirstApp)'
2023-04-12 11:09:02.668 +05:30 [INF] Route matched with {action = "map", controller = "Home"}. Executing controller action with signature Microsoft.AspNetCore.Mvc.IActionResult map() on controller FirstApp.Controllers.HomeController (FirstApp).
2023-04-12 11:09:02.671 +05:30 [INF] Executing RedirectResult, redirecting to https://www.google.com/maps/dir//Aspire+Systems,+SIPCOT+IT+Park,+1%2FD-1,+First+Main+Road,+Siruseri,+Tamil+Nadu+603103/@12.9284151,80.1754389,12z/data=!4m8!4m7!1m0!1m5!1m1!1s0x3a525a5d709633d1:0xd457a8c2f985c180!2m2!1d80.2235385!2d12.8303318.
2023-04-12 11:09:02.671 +05:30 [INF] Executed action FirstApp.Controllers.HomeController.map (FirstApp) in 2.856ms
2023-04-12 11:09:02.671 +05:30 [INF] Executed endpoint 'FirstApp.Controllers.HomeController.map (FirstApp)'
2023-04-12 11:09:02.672 +05:30 [INF] Request finished HTTP/1.1 GET http://localhost:5260/Home/map - - - 302 0 - 8.3274ms
2023-04-12 11:26:44.205 +05:30 [INF] Request starting HTTP/1.1 GET http://localhost:5260/Home/map - -
2023-04-12 11:26:44.242 +05:30 [INF] Executing endpoint 'FirstApp.Controllers.HomeController.map (FirstApp)'
2023-04-12 11:26:44.244 +05:30 [INF] Route matched with {action = "map", controller = "Home"}. Executing controller action with signature Microsoft.AspNetCore.Mvc.IActionResult map() on controller FirstApp.Controllers.HomeController (FirstApp).
2023-04-12 11:26:44.245 +05:30 [INF] Executing RedirectResult, redirecting to https://www.google.com/maps/dir//Aspire+Systems,+SIPCOT+IT+Park,+1%2FD-1,+First+Main+Road,+Siruseri,+Tamil+Nadu+603103/@12.9284151,80.1754389,12z/data=!4m8!4m7!1m0!1m5!1m1!1s0x3a525a5d709633d1:0xd457a8c2f985c180!2m2!1d80.2235385!2d12.8303318.
2023-04-12 11:26:44.246 +05:30 [INF] Executed action FirstApp.Controllers.HomeController.map (FirstApp) in 2.0154ms
2023-04-12 11:26:44.246 +05:30 [INF] Executed endpoint 'FirstApp.Controllers.HomeController.map (FirstApp)'
2023-04-12 11:26:44.247 +05:30 [INF] Request finished HTTP/1.1 GET http://localhost:5260/Home/map - - - 302 0 - 56.4911ms
2023-04-12 11:29:12.968 +05:30 [INF] Application is shutting down...
2023-04-12 11:30:25.693 +05:30 [INF] User profile is available. Using 'C:\Users\abi6\AppData\Local\ASP.NET\DataProtection-Keys' as key repository and Windows DPAPI to encrypt keys at rest.
2023-04-12 11:30:25.890 +05:30 [INF] Now listening on: http://localhost:5260
2023-04-12 11:30:25.898 +05:30 [INF] Application started. Press Ctrl+C to shut down.
2023-04-12 11:30:25.899 +05:30 [INF] Hosting environment: Development
2023-04-12 11:30:25.899 +05:30 [INF] Content root path: C:\Users\abi6\Desktop\FirstApp
2023-04-12 11:43:05.015 +05:30 [INF] Request starting HTTP/1.1 GET http://localhost:5260/ - -
2023-04-12 11:43:05.100 +05:30 [WRN] Failed to determine the https port for redirect.
2023-04-12 11:43:05.339 +05:30 [INF] Executing endpoint 'FirstApp.Controllers.HomeController.Index (FirstApp)'
2023-04-12 11:43:05.580 +05:30 [INF] Route matched with {action = "Index", controller = "Home"}. Executing controller action with signature Microsoft.AspNetCore.Mvc.IActionResult Index() on controller FirstApp.Controllers.HomeController (FirstApp).
2023-04-12 11:43:05.612 +05:30 [INF] Executing ViewResult, running view Index.
2023-04-12 11:43:06.252 +05:30 [INF] Executed ViewResult - view Index executed in 649.6759ms.
2023-04-12 11:43:06.258 +05:30 [INF] Executed action FirstApp.Controllers.HomeController.Index (FirstApp) in 676.0529ms
2023-04-12 11:43:06.258 +05:30 [INF] Executed endpoint 'FirstApp.Controllers.HomeController.Index (FirstApp)'
2023-04-12 11:43:06.271 +05:30 [INF] Request finished HTTP/1.1 GET http://localhost:5260/ - - - 200 - text/html;+charset=utf-8 1267.1721ms
2023-04-12 12:01:24.433 +05:30 [INF] Application is shutting down...
2023-04-12 13:23:43.550 +05:30 [INF] User profile is available. Using 'C:\Users\abi6\AppData\Local\ASP.NET\DataProtection-Keys' as key repository and Windows DPAPI to encrypt keys at rest.
2023-04-12 13:23:43.775 +05:30 [INF] Now listening on: http://localhost:5260
2023-04-12 13:23:43.784 +05:30 [INF] Application started. Press Ctrl+C to shut down.
2023-04-12 13:23:43.785 +05:30 [INF] Hosting environment: Development
2023-04-12 13:23:43.785 +05:30 [INF] Content root path: C:\Users\abi6\Desktop\FirstApp
2023-04-12 13:23:55.988 +05:30 [INF] Request starting HTTP/1.1 GET http://localhost:5260/ - -
2023-04-12 13:23:56.038 +05:30 [WRN] Failed to determine the https port for redirect.
2023-04-12 13:23:56.292 +05:30 [INF] Executing endpoint 'FirstApp.Controllers.HomeController.Index (FirstApp)'
2023-04-12 13:23:56.383 +05:30 [INF] Route matched with {action = "Index", controller = "Home"}. Executing controller action with signature Microsoft.AspNetCore.Mvc.IActionResult Index() on controller FirstApp.Controllers.HomeController (FirstApp).
2023-04-12 13:23:56.417 +05:30 [INF] Executing ViewResult, running view Index.
2023-04-12 13:23:56.738 +05:30 [INF] Executed ViewResult - view Index executed in 328.8026ms.
2023-04-12 13:23:56.747 +05:30 [INF] Executed action FirstApp.Controllers.HomeController.Index (FirstApp) in 361.7887ms
2023-04-12 13:23:56.747 +05:30 [INF] Executed endpoint 'FirstApp.Controllers.HomeController.Index (FirstApp)'
2023-04-12 13:23:56.760 +05:30 [INF] Request finished HTTP/1.1 GET http://localhost:5260/ - - - 200 - text/html;+charset=utf-8 778.8450ms
2023-04-12 13:24:11.267 +05:30 [INF] Request starting HTTP/1.1 GET http://localhost:5260/Employee/login - -
2023-04-12 13:24:11.280 +05:30 [INF] Executing endpoint 'FirstApp.Controllers.EmployeeController.login (FirstApp)'
2023-04-12 13:24:11.286 +05:30 [INF] Route matched with {action = "login", controller = "Employee"}. Executing controller action with signature Microsoft.AspNetCore.Mvc.IActionResult login() on controller FirstApp.Controllers.EmployeeController (FirstApp).
2023-04-12 13:24:11.292 +05:30 [INF] Executing ViewResult, running view login.
2023-04-12 13:24:11.606 +05:30 [INF] Executed ViewResult - view login executed in 316.3442ms.
2023-04-12 13:24:11.607 +05:30 [INF] Executed action FirstApp.Controllers.EmployeeController.login (FirstApp) in 320.7518ms
2023-04-12 13:24:11.607 +05:30 [INF] Executed endpoint 'FirstApp.Controllers.EmployeeController.login (FirstApp)'
2023-04-12 13:24:11.608 +05:30 [INF] Request finished HTTP/1.1 GET http://localhost:5260/Employee/login - - - 200 - text/html;+charset=utf-8 340.9760ms
2023-04-12 13:24:11.663 +05:30 [INF] Request starting HTTP/1.1 GET http://localhost:5260/Employee/js/jquery.min.js - -
2023-04-12 13:24:11.677 +05:30 [INF] Request starting HTTP/1.1 GET http://localhost:5260/Employee/js/popper.js - -
2023-04-12 13:24:11.677 +05:30 [INF] Request starting HTTP/1.1 GET http://localhost:5260/Employee/js/main.js - -
2023-04-12 13:24:11.681 +05:30 [INF] Request finished HTTP/1.1 GET http://localhost:5260/Employee/js/main.js - - - 404 0 - 4.0201ms
2023-04-12 13:24:11.681 +05:30 [INF] Request finished HTTP/1.1 GET http://localhost:5260/Employee/js/popper.js - - - 404 0 - 4.0228ms
2023-04-12 13:24:11.681 +05:30 [INF] Request finished HTTP/1.1 GET http://localhost:5260/Employee/js/jquery.min.js - - - 404 0 - 17.7628ms
2023-04-12 13:24:11.685 +05:30 [INF] Request starting HTTP/1.1 GET http://localhost:5260/Employee/js/bootstrap.min.js - -
2023-04-12 13:24:11.687 +05:30 [INF] Request finished HTTP/1.1 GET http://localhost:5260/Employee/js/bootstrap.min.js - - - 404 0 - 1.5387ms
2023-04-12 13:24:30.850 +05:30 [INF] Request starting HTTP/1.1 POST http://localhost:5260/Employee/login application/x-www-form-urlencoded 246
2023-04-12 13:24:30.851 +05:30 [INF] Executing endpoint 'FirstApp.Controllers.EmployeeController.login (FirstApp)'
2023-04-12 13:24:30.965 +05:30 [INF] Route matched with {action = "login", controller = "Employee"}. Executing controller action with signature System.Threading.Tasks.Task`1[Microsoft.AspNetCore.Mvc.IActionResult] login(FirstApp.Models.Employee, FirstApp.Models.Database) on controller FirstApp.Controllers.EmployeeController (FirstApp).
2023-04-12 13:24:32.394 +05:30 [INF] AuthenticationScheme: Cookies signed in.
2023-04-12 13:24:32.410 +05:30 [INF] Executing RedirectResult, redirecting to /Dashboard?EmployeeId=00000000-0000-0000-0000-000000000000&EmailId=abinashabinash711@gmail.com&userPassword=ABINASH@24&DateOfBirth=01%2F01%2F0001%2000%3A00%3A00.
2023-04-12 13:24:32.410 +05:30 [INF] Executed action FirstApp.Controllers.EmployeeController.login (FirstApp) in 1445.0646ms
2023-04-12 13:24:32.410 +05:30 [INF] Executed endpoint 'FirstApp.Controllers.EmployeeController.login (FirstApp)'
2023-04-12 13:24:32.411 +05:30 [INF] Request finished HTTP/1.1 POST http://localhost:5260/Employee/login application/x-www-form-urlencoded 246 - 302 0 - 1560.3306ms
2023-04-12 13:24:32.416 +05:30 [INF] Request starting HTTP/1.1 GET http://localhost:5260/Dashboard?EmployeeId=00000000-0000-0000-0000-000000000000&EmailId=abinashabinash711@gmail.com&userPassword=ABINASH@24&DateOfBirth=01%2F01%2F0001%2000%3A00%3A00 - -
2023-04-12 13:24:32.434 +05:30 [INF] Executing endpoint 'FirstApp.Controllers.DashboardController.Index (FirstApp)'
2023-04-12 13:24:32.437 +05:30 [INF] Route matched with {action = "Index", controller = "Dashboard"}. Executing controller action with signature Microsoft.AspNetCore.Mvc.IActionResult Index(FirstApp.Models.Employee) on controller FirstApp.Controllers.DashboardController (FirstApp).
2023-04-12 13:24:32.497 +05:30 [INF] Executing ViewResult, running view Index.
2023-04-12 13:24:32.527 +05:30 [INF] Executed ViewResult - view Index executed in 31.1825ms.
2023-04-12 13:24:32.527 +05:30 [INF] Executed action FirstApp.Controllers.DashboardController.Index (FirstApp) in 89.7862ms
2023-04-12 13:24:32.527 +05:30 [INF] Executed endpoint 'FirstApp.Controllers.DashboardController.Index (FirstApp)'
2023-04-12 13:24:32.541 +05:30 [INF] Session started; Key:12bd918f-1b1f-de64-554f-a3aad2be72c8, Id:3e7e0d8a-bdd9-243d-a04b-e8656f5bae70
2023-04-12 13:24:32.543 +05:30 [INF] Request finished HTTP/1.1 GET http://localhost:5260/Dashboard?EmployeeId=00000000-0000-0000-0000-000000000000&EmailId=abinashabinash711@gmail.com&userPassword=ABINASH@24&DateOfBirth=01%2F01%2F0001%2000%3A00%3A00 - - - 200 - text/html;+charset=utf-8 126.2084ms
2023-04-12 13:25:12.726 +05:30 [INF] Request starting HTTP/1.1 GET http://localhost:5260/Dashboard/bookRide - -
2023-04-12 13:25:12.733 +05:30 [INF] Executing endpoint 'FirstApp.Controllers.DashboardController.bookRide (FirstApp)'
2023-04-12 13:25:12.739 +05:30 [INF] Route matched with {action = "bookRide", controller = "Dashboard"}. Executing controller action with signature Microsoft.AspNetCore.Mvc.ActionResult bookRide() on controller FirstApp.Controllers.DashboardController (FirstApp).
2023-04-12 13:25:12.744 +05:30 [INF] Executing ViewResult, running view bookRide.
2023-04-12 13:25:12.792 +05:30 [INF] Executed ViewResult - view bookRide executed in 52.1153ms.
2023-04-12 13:25:12.792 +05:30 [INF] Executed action FirstApp.Controllers.DashboardController.bookRide (FirstApp) in 52.9771ms
2023-04-12 13:25:12.792 +05:30 [INF] Executed endpoint 'FirstApp.Controllers.DashboardController.bookRide (FirstApp)'
2023-04-12 13:25:12.793 +05:30 [INF] Request finished HTTP/1.1 GET http://localhost:5260/Dashboard/bookRide - - - 200 - text/html;+charset=utf-8 66.6732ms
2023-04-12 13:25:24.138 +05:30 [INF] Request starting HTTP/1.1 POST http://localhost:5260/Dashboard/seatBooked application/x-www-form-urlencoded 278
2023-04-12 13:25:24.151 +05:30 [INF] Executing endpoint 'FirstApp.Controllers.DashboardController.seatBooked (FirstApp)'
2023-04-12 13:25:24.153 +05:30 [INF] Route matched with {action = "seatBooked", controller = "Dashboard"}. Executing controller action with signature Microsoft.AspNetCore.Mvc.ActionResult seatBooked() on controller FirstApp.Controllers.DashboardController (FirstApp).
2023-04-12 13:25:24.155 +05:30 [INF] Executing ViewResult, running view seatBooked.
2023-04-12 13:25:24.172 +05:30 [INF] Executed ViewResult - view seatBooked executed in 18.4313ms.
2023-04-12 13:25:24.172 +05:30 [INF] Executed action FirstApp.Controllers.DashboardController.seatBooked (FirstApp) in 18.9379ms
2023-04-12 13:25:24.172 +05:30 [INF] Executed endpoint 'FirstApp.Controllers.DashboardController.seatBooked (FirstApp)'
2023-04-12 13:25:24.172 +05:30 [INF] Request finished HTTP/1.1 POST http://localhost:5260/Dashboard/seatBooked application/x-www-form-urlencoded 278 - 200 - text/html;+charset=utf-8 34.5587ms
