2023-05-19 22:57:49.595 +05:30 [INF] Entity Framework Core 6.0.0 initialized 'EmployeeDBContext' using provider 'Microsoft.EntityFrameworkCore.SqlServer:6.0.0' with options: None
2023-05-19 22:58:44.413 +05:30 [INF] Entity Framework Core 6.0.0 initialized 'EmployeeDBContext' using provider 'Microsoft.EntityFrameworkCore.SqlServer:6.0.0' with options: None
2023-05-19 22:58:46.262 +05:30 [INF] Executed DbCommand (89ms) [Parameters=[], CommandType='"Text"', CommandTimeout='30']
SELECT 1
2023-05-19 22:58:46.419 +05:30 [INF] Executed DbCommand (61ms) [Parameters=[], CommandType='"Text"', CommandTimeout='30']
SELECT OBJECT_ID(N'[__EFMigrationsHistory]');
2023-05-19 22:58:46.443 +05:30 [INF] Executed DbCommand (5ms) [Parameters=[], CommandType='"Text"', CommandTimeout='30']
SELECT 1
2023-05-19 22:58:47.262 +05:30 [INF] Executed DbCommand (367ms) [Parameters=[], CommandType='"Text"', CommandTimeout='30']
CREATE TABLE [__EFMigrationsHistory] (
    [MigrationId] nvarchar(150) NOT NULL,
    [ProductVersion] nvarchar(32) NOT NULL,
    CONSTRAINT [PK___EFMigrationsHistory] PRIMARY KEY ([MigrationId])
);
2023-05-19 22:58:47.303 +05:30 [INF] Executed DbCommand (38ms) [Parameters=[], CommandType='"Text"', CommandTimeout='30']
SELECT 1
2023-05-19 22:58:47.344 +05:30 [INF] Executed DbCommand (40ms) [Parameters=[], CommandType='"Text"', CommandTimeout='30']
SELECT OBJECT_ID(N'[__EFMigrationsHistory]');
2023-05-19 22:58:47.402 +05:30 [INF] Executed DbCommand (51ms) [Parameters=[], CommandType='"Text"', CommandTimeout='30']
SELECT [MigrationId], [ProductVersion]
FROM [__EFMigrationsHistory]
ORDER BY [MigrationId];
2023-05-19 22:58:47.466 +05:30 [INF] Applying migration '20230519172750_MigrationOne'.
2023-05-19 22:58:48.001 +05:30 [INF] Executed DbCommand (109ms) [Parameters=[], CommandType='"Text"', CommandTimeout='30']
CREATE TABLE [BookingHistories] (
    [BookingId] int NOT NULL IDENTITY,
    [UserId] uniqueidentifier NOT NULL,
    [Name] nvarchar(max) NULL,
    [Date] nvarchar(max) NULL,
    [Destination] nvarchar(max) NULL,
    CONSTRAINT [PK_BookingHistories] PRIMARY KEY ([BookingId])
);
2023-05-19 22:58:48.074 +05:30 [INF] Executed DbCommand (71ms) [Parameters=[], CommandType='"Text"', CommandTimeout='30']
CREATE TABLE [Employees] (
    [EmployeeId] uniqueidentifier NOT NULL,
    [Name] nvarchar(max) NULL,
    [EmailId] nvarchar(max) NOT NULL,
    [userPassword] nvarchar(max) NOT NULL,
    [DateOfBirth] datetime2 NOT NULL,
    [Department] nvarchar(max) NULL,
    CONSTRAINT [PK_Employees] PRIMARY KEY ([EmployeeId])
);
2023-05-19 22:58:48.089 +05:30 [INF] Executed DbCommand (15ms) [Parameters=[], CommandType='"Text"', CommandTimeout='30']
CREATE TABLE [Requests] (
    [Id] int NOT NULL IDENTITY,
    [UserId] uniqueidentifier NOT NULL,
    [Name] nvarchar(max) NULL,
    [Message] nvarchar(100) NULL,
    CONSTRAINT [PK_Requests] PRIMARY KEY ([Id])
);
2023-05-19 22:58:48.348 +05:30 [INF] Executed DbCommand (258ms) [Parameters=[], CommandType='"Text"', CommandTimeout='30']
INSERT INTO [__EFMigrationsHistory] ([MigrationId], [ProductVersion])
VALUES (N'20230519172750_MigrationOne', N'6.0.0');
